2026-02-10 10:35:35,036 - celery.worker.consumer.connection - INFO - Connected to redis://localhost:6380/0
2026-02-10 10:35:35,042 - celery.worker.consumer.mingle - INFO - mingle: searching for neighbors
2026-02-10 10:35:36,061 - celery.worker.consumer.mingle - INFO - mingle: all alone
2026-02-10 10:35:36,097 - celery.worker.strategy - INFO - Task app.tasks.meeting_tasks.join_bot_to_meeting[75b66a5d-349b-43a3-af58-a80833db7394] received
2026-02-10 10:35:36,099 - celery.worker.strategy - INFO - Task app.tasks.meeting_tasks.join_bot_to_meeting[d83ac84c-af5d-4136-b34d-55c3a0dd9636] received
2026-02-10 10:35:36,101 - celery.worker.strategy - INFO - Task app.tasks.meeting_tasks.join_bot_to_meeting[df928900-2816-40e6-a941-5bcb83e52a7a] received
2026-02-10 10:35:36,104 - celery.worker.strategy - INFO - Task app.tasks.meeting_tasks.join_bot_to_meeting[af0d2221-eb0a-46f5-9a92-fd75932839f6] received
2026-02-10 10:35:36,105 - celery.worker.strategy - INFO - Task app.tasks.meeting_tasks.join_bot_to_meeting[6c357488-da56-4c75-8c1b-d81559f11f8e] received
2026-02-10 10:35:36,107 - celery.worker.strategy - INFO - Task app.tasks.meeting_tasks.join_bot_to_meeting[7162c2d1-446d-44ec-a45b-1c009389b3dc] received
2026-02-10 10:35:36,108 - celery.worker.strategy - INFO - Task app.tasks.meeting_tasks.join_bot_to_meeting[09f18095-79e6-4c65-b267-14bd2f9cc008] received
2026-02-10 10:35:36,110 - celery.worker.strategy - INFO - Task app.tasks.meeting_tasks.join_bot_to_meeting[be6ba898-17ff-4713-94d3-a750c1ee5dfd] received
2026-02-10 10:35:36,111 - celery.worker.strategy - INFO - Task app.tasks.meeting_tasks.join_bot_to_meeting[da2ba9d6-ddee-49e5-898b-ec4d93d4af94] received
2026-02-10 10:35:36,112 - celery.worker.strategy - INFO - Task app.tasks.meeting_tasks.join_bot_to_meeting[7f1792f6-17db-4d98-ac93-25a4e1ed6dfe] received
2026-02-10 10:35:36,114 - celery.worker.strategy - INFO - Task app.tasks.meeting_tasks.join_bot_to_meeting[a57bb93f-5734-4c7d-bd30-ac69d103d4be] received
2026-02-10 10:35:36,114 - celery.worker.strategy - INFO - Task app.tasks.meeting_tasks.join_bot_to_meeting[b2e88aee-6216-479a-9a70-6b6d0a798963] received
2026-02-10 10:35:36,114 - celery.worker.strategy - INFO - Task app.tasks.meeting_tasks.join_bot_to_meeting[c8cdc463-914a-4234-a732-b88f4cc969fd] received
2026-02-10 10:35:59,941 - celery.worker.strategy - INFO - Task app.tasks.meeting_tasks.check_stuck_meetings[f6d43a96-6bbd-43bf-91aa-053d70f26222] received
2026-02-10 10:40:59,751 - celery.worker.strategy - INFO - Task app.tasks.meeting_tasks.run_check_system_health[0c23b495-4f8c-4798-9573-10e166e6d32b] received
2026-02-10 10:41:09,936 - celery.worker.strategy - INFO - Task app.tasks.meeting_tasks.check_and_finalize_completed_meetings[4ee21fb0-8b0d-44a9-9800-ac94e12386c6] received
2026-02-10 10:41:09,948 - celery.worker.strategy - INFO - Task app.tasks.meeting_tasks.check_stuck_meetings[17127a3d-985b-460b-be8f-3c61ca76a734] received
2026-02-10 10:45:59,949 - celery.worker.strategy - INFO - Task app.tasks.meeting_tasks.check_stuck_meetings[8e988080-0380-44d6-889c-b05629204e94] received
2026-02-10 10:50:59,760 - celery.worker.strategy - INFO - Task app.tasks.meeting_tasks.run_check_system_health[46d57ddb-6a56-40ae-bc22-90d2131bc5e3] received
2026-02-10 10:51:09,909 - celery.worker.strategy - INFO - Task app.tasks.meeting_tasks.check_and_finalize_completed_meetings[45e31b23-abd3-4a50-878c-6dbff306d466] received
2026-02-10 10:51:09,918 - celery.worker.strategy - INFO - Task app.tasks.meeting_tasks.check_stuck_meetings[73bcea50-c123-4282-93a1-fae0e782df12] received
2026-02-10 10:55:59,961 - celery.worker.strategy - INFO - Task app.tasks.meeting_tasks.check_stuck_meetings[f6d17470-5d86-443d-aca7-4db331a85432] received
2026-02-10 11:00:59,768 - celery.worker.strategy - INFO - Task app.tasks.meeting_tasks.run_check_system_health[215be04d-ac8a-4d33-a04b-e7e5c7ec3be9] received
2026-02-10 11:01:09,995 - celery.worker.strategy - INFO - Task app.tasks.meeting_tasks.check_and_finalize_completed_meetings[ab8ce14d-1711-4aa1-85b9-bfab8bb2cdce] received
2026-02-10 11:01:10,002 - celery.worker.strategy - INFO - Task app.tasks.meeting_tasks.check_stuck_meetings[afdbb7f5-6034-4bb2-adc8-f1a7e3d554ec] received
2026-02-10 11:05:59,966 - celery.worker.strategy - INFO - Task app.tasks.meeting_tasks.check_stuck_meetings[4156b38e-de71-4cbc-9c70-89db34afd574] received
2026-02-10 11:10:59,773 - celery.worker.strategy - INFO - Task app.tasks.meeting_tasks.run_check_system_health[af981f4a-6411-4af7-947a-a767ff0b7ae5] received
2026-02-10 11:11:10,030 - celery.worker.strategy - INFO - Task app.tasks.meeting_tasks.check_and_finalize_completed_meetings[79e4b11e-cf87-4641-9376-13f49ec89fa5] received
2026-02-10 11:11:10,040 - celery.worker.strategy - INFO - Task app.tasks.meeting_tasks.check_stuck_meetings[c7d12ca4-22b2-4502-9b91-db120b99f4d6] received
2026-02-10 11:15:59,970 - celery.worker.strategy - INFO - Task app.tasks.meeting_tasks.check_stuck_meetings[6ef40d62-255e-484b-9985-3f1588149cb7] received
2026-02-10 11:20:59,778 - celery.worker.strategy - INFO - Task app.tasks.meeting_tasks.run_check_system_health[6846956d-ce62-4c06-af88-0f129ea7d097] received
2026-02-10 11:21:09,928 - celery.worker.strategy - INFO - Task app.tasks.meeting_tasks.check_and_finalize_completed_meetings[fa5a53f6-d269-4af2-aa6d-4af00d709f72] received
2026-02-10 11:21:09,935 - celery.worker.strategy - INFO - Task app.tasks.meeting_tasks.check_stuck_meetings[e2b3a93a-cda1-4b13-b0a5-8b46bfa02187] received
2026-02-10 11:25:59,978 - celery.worker.strategy - INFO - Task app.tasks.meeting_tasks.check_stuck_meetings[b59bf92e-b9b6-472c-8321-a562cb1667a9] received
2026-02-10 11:30:59,782 - celery.worker.strategy - INFO - Task app.tasks.meeting_tasks.run_check_system_health[e8c9e420-603b-4492-9660-aa32f9bf723c] received
2026-02-10 11:31:09,987 - celery.worker.strategy - INFO - Task app.tasks.meeting_tasks.check_and_finalize_completed_meetings[5dcd9852-eeec-4cd4-b1c0-59903498f704] received
2026-02-10 11:31:09,995 - celery.worker.strategy - INFO - Task app.tasks.meeting_tasks.check_stuck_meetings[43db7a1a-487b-4c5d-9e54-45e127fb1d78] received
2026-02-10 11:35:59,985 - celery.worker.strategy - INFO - Task app.tasks.meeting_tasks.check_stuck_meetings[f21a27fe-fe74-4a9c-a6af-91885e27318c] received
2026-02-10 11:40:59,787 - celery.worker.strategy - INFO - Task app.tasks.meeting_tasks.run_check_system_health[6211f459-a3b6-4b2c-8db6-3319c7f0ce4a] received
2026-02-10 11:41:09,969 - celery.worker.strategy - INFO - Task app.tasks.meeting_tasks.check_and_finalize_completed_meetings[67c5a14f-3ccc-40a2-b74a-7782adf7bc4d] received
2026-02-10 11:41:09,978 - celery.worker.strategy - INFO - Task app.tasks.meeting_tasks.check_stuck_meetings[95ebf8ee-4c05-40fb-a35d-3e237450976b] received
2026-02-10 11:45:59,994 - celery.worker.strategy - INFO - Task app.tasks.meeting_tasks.check_stuck_meetings[53c7c49c-9419-4a6b-aa20-a42075ccbed8] received
2026-02-10 11:47:50,848 - celery.worker.strategy - INFO - Task app.tasks.calendar_tasks.run_calendar_sync_for_user[e4f67834-5e7a-440e-8fad-7bc33b66d90b] received
2026-02-10 11:50:59,792 - celery.worker.strategy - INFO - Task app.tasks.meeting_tasks.run_check_system_health[92ababcc-6b63-4ddb-87d6-daa342d8648b] received
2026-02-10 11:51:09,970 - celery.worker.strategy - INFO - Task app.tasks.meeting_tasks.check_and_finalize_completed_meetings[a13ce19e-8a12-4df2-be3c-d658ade0b26d] received
2026-02-10 11:51:09,978 - celery.worker.strategy - INFO - Task app.tasks.meeting_tasks.check_stuck_meetings[1d87adad-f8c5-4869-89e4-878815efd42e] received
2026-02-10 11:51:26,916 - celery.worker.strategy - INFO - Task app.tasks.meeting_tasks.join_bot_to_meeting[c8cdc463-914a-4234-a732-b88f4cc969fd] received
2026-02-10 11:51:26,917 - celery.worker.strategy - INFO - Task app.tasks.meeting_tasks.join_bot_to_meeting[b2e88aee-6216-479a-9a70-6b6d0a798963] received
2026-02-10 11:51:26,920 - celery.worker.strategy - INFO - Task app.tasks.meeting_tasks.join_bot_to_meeting[a57bb93f-5734-4c7d-bd30-ac69d103d4be] received
2026-02-10 11:51:26,922 - celery.worker.strategy - INFO - Task app.tasks.meeting_tasks.join_bot_to_meeting[7f1792f6-17db-4d98-ac93-25a4e1ed6dfe] received
2026-02-10 11:51:26,925 - celery.worker.strategy - INFO - Task app.tasks.meeting_tasks.join_bot_to_meeting[da2ba9d6-ddee-49e5-898b-ec4d93d4af94] received
2026-02-10 11:51:26,927 - celery.worker.strategy - INFO - Task app.tasks.meeting_tasks.join_bot_to_meeting[be6ba898-17ff-4713-94d3-a750c1ee5dfd] received
2026-02-10 11:51:26,929 - celery.worker.strategy - INFO - Task app.tasks.meeting_tasks.join_bot_to_meeting[09f18095-79e6-4c65-b267-14bd2f9cc008] received
2026-02-10 11:51:26,932 - celery.worker.strategy - INFO - Task app.tasks.meeting_tasks.join_bot_to_meeting[7162c2d1-446d-44ec-a45b-1c009389b3dc] received
2026-02-10 11:51:26,934 - celery.worker.strategy - INFO - Task app.tasks.meeting_tasks.join_bot_to_meeting[6c357488-da56-4c75-8c1b-d81559f11f8e] received
2026-02-10 11:51:26,937 - celery.worker.strategy - INFO - Task app.tasks.meeting_tasks.join_bot_to_meeting[af0d2221-eb0a-46f5-9a92-fd75932839f6] received
2026-02-10 11:51:26,939 - celery.worker.strategy - INFO - Task app.tasks.meeting_tasks.join_bot_to_meeting[df928900-2816-40e6-a941-5bcb83e52a7a] received
2026-02-10 11:51:26,941 - celery.worker.strategy - INFO - Task app.tasks.meeting_tasks.join_bot_to_meeting[d83ac84c-af5d-4136-b34d-55c3a0dd9636] received
2026-02-10 11:51:26,944 - celery.worker.strategy - INFO - Task app.tasks.meeting_tasks.join_bot_to_meeting[75b66a5d-349b-43a3-af58-a80833db7394] received
2026-02-10 11:53:42,410 - celery.worker.strategy - INFO - Task app.tasks.calendar_tasks.run_calendar_sync_for_user[61813f7c-1322-4e7c-a1ee-a1df56e021a9] received
2026-02-10 11:53:42,943 - celery.worker.strategy - INFO - Task app.tasks.meeting_tasks.join_bot_to_meeting[6ffd7a56-8c29-44ae-a625-2221995edc24] received
2026-02-10 11:53:42,946 - celery.worker.strategy - INFO - Task app.tasks.meeting_tasks.join_bot_to_meeting[edaa3a6b-0f62-4040-813d-392c8b95231b] received
2026-02-10 11:53:42,947 - celery.worker.strategy - INFO - Task app.tasks.meeting_tasks.join_bot_to_meeting[eba44bda-fe01-4d4d-8bb8-d93433bac857] received
2026-02-10 11:53:42,948 - celery.worker.strategy - INFO - Task app.tasks.meeting_tasks.join_bot_to_meeting[2de0695e-8228-4cf0-9217-a4602d2f0261] received
2026-02-10 11:54:31,281 - celery.worker.strategy - INFO - Task app.tasks.calendar_tasks.run_calendar_sync_for_user[11e3bd30-afdb-4a99-9205-6134c7b79bdb] received
2026-02-10 11:54:32,853 - celery.worker.strategy - INFO - Task app.tasks.calendar_tasks.run_calendar_sync_for_user[28efdf2a-0ded-4809-be0e-4bf38785de62] received
2026-02-10 11:56:00,004 - celery.worker.strategy - INFO - Task app.tasks.meeting_tasks.check_stuck_meetings[17616cb3-59d5-4a5b-8f8d-f567c13e8076] received
2026-02-10 11:57:00,934 - celery.worker.strategy - INFO - Task app.tasks.meeting_tasks.fetch_vexa_transcript_for_meeting[7524f630-bcdd-4536-9caf-8c228175189f] received
2026-02-10 12:00:59,798 - celery.worker.strategy - INFO - Task app.tasks.meeting_tasks.run_check_system_health[1fa58587-e3fa-49eb-af2b-10aed6a2bb85] received
2026-02-10 12:01:09,987 - celery.worker.strategy - INFO - Task app.tasks.meeting_tasks.check_and_finalize_completed_meetings[a6359f8d-7833-49f9-a0a0-6a9a5b07716e] received
2026-02-10 12:01:10,337 - celery.worker.strategy - INFO - Task app.tasks.meeting_tasks.check_stuck_meetings[0b2e4348-be4d-437c-a30c-1c50c61fca36] received
2026-02-10 12:04:32,086 - celery.worker.strategy - INFO - Task app.tasks.calendar_tasks.run_calendar_sync_for_user[b9d93d5e-9502-449d-a2ad-c863f32c8d19] received
2026-02-10 12:04:32,773 - celery.worker.strategy - INFO - Task app.tasks.meeting_tasks.join_bot_to_meeting[096cca9f-e335-44dc-83f3-d2db583013b4] received
2026-02-10 12:04:33,107 - celery.worker.strategy - INFO - Task app.tasks.calendar_tasks.run_calendar_sync_for_user[0ac214d8-9a4e-42f7-866f-1b5eb6c44cd0] received
2026-02-10 12:05:11,565 - celery.worker.strategy - INFO - Task app.tasks.calendar_tasks.run_calendar_sync_for_user[614c2449-151e-4f46-a67b-f2925776404a] received
2026-02-10 12:05:37,780 - celery.worker.strategy - INFO - Task app.tasks.calendar_tasks.run_calendar_sync_for_user[bbf4cea6-57f3-4a11-9fde-bf5dc6b875f9] received
2026-02-10 12:05:47,142 - celery.worker.strategy - INFO - Task app.tasks.calendar_tasks.run_calendar_sync_for_user[8cbb6b5e-b45d-494e-8a20-ef102618c02e] received
2026-02-10 12:06:00,010 - celery.worker.strategy - INFO - Task app.tasks.meeting_tasks.check_stuck_meetings[d2d04b23-4395-4b24-adb4-1a5b13607e80] received
2026-02-10 12:06:49,515 - celery.worker.strategy - INFO - Task app.tasks.calendar_tasks.run_calendar_sync_for_user[c7bbc1e2-1ab7-4dec-9075-703577db216f] received
2026-02-10 12:07:48,735 - celery.worker.strategy - INFO - Task app.tasks.calendar_tasks.run_calendar_sync_for_user[055f5824-d667-441a-bcc2-20c552e59bf9] received
2026-02-10 12:10:59,806 - celery.worker.strategy - INFO - Task app.tasks.meeting_tasks.run_check_system_health[72bcaf23-fade-4e0f-9f45-84ba2e84ce8f] received
2026-02-10 12:11:09,975 - celery.worker.strategy - INFO - Task app.tasks.meeting_tasks.check_and_finalize_completed_meetings[f9fe4ad3-81da-453b-994b-f08389be7a60] received
2026-02-10 12:11:10,326 - celery.worker.strategy - INFO - Task app.tasks.meeting_tasks.check_stuck_meetings[503b31d4-86fb-4df8-a010-293a85640aff] received
2026-02-10 12:15:44,761 - celery.worker.strategy - INFO - Task app.tasks.calendar_tasks.run_calendar_sync_for_user[38bbbb71-d38f-4262-aa57-87dd83b7a970] received
2026-02-10 12:16:00,018 - celery.worker.strategy - INFO - Task app.tasks.meeting_tasks.check_stuck_meetings[8faa21aa-0f6a-4b80-8f23-46c57d3b2a56] received
2026-02-10 12:16:47,145 - celery.worker.strategy - INFO - Task app.tasks.calendar_tasks.run_calendar_sync_for_user[1c8b1126-9232-421c-90d2-8e13df4264e5] received
2026-02-10 12:16:47,946 - celery.worker.strategy - INFO - Task app.tasks.calendar_tasks.run_calendar_sync_for_user[5b9ab745-bd3b-41cd-8891-482e9ecea26b] received
2026-02-10 12:18:48,112 - celery.worker.strategy - INFO - Task app.tasks.calendar_tasks.run_calendar_sync_for_user[564c183d-1319-4ce8-bdcb-4e104f1f3b7f] received
2026-02-10 12:20:59,812 - celery.worker.strategy - INFO - Task app.tasks.meeting_tasks.run_check_system_health[2b29b5f5-9bcd-4981-b172-11db9b9e244f] received
2026-02-10 12:21:10,062 - celery.worker.strategy - INFO - Task app.tasks.meeting_tasks.check_and_finalize_completed_meetings[f4e14823-4910-4a50-8f85-a898b7188a48] received
2026-02-10 12:21:10,862 - celery.worker.strategy - INFO - Task app.tasks.summary_tasks.process_meeting_summary[61ca8823-bba9-4cb7-af21-0670cc80e70b] received
2026-02-10 12:21:41,318 - celery.worker.strategy - INFO - Task app.tasks.meeting_tasks.check_stuck_meetings[29f728c5-8e57-4814-8eaf-eb58fe5de878] received
2026-02-10 12:26:00,023 - celery.worker.strategy - INFO - Task app.tasks.meeting_tasks.check_stuck_meetings[c8ea47b4-ca78-4818-adde-b0fd4269422c] received
2026-02-10 12:29:57,695 - celery.worker.strategy - INFO - Task app.tasks.calendar_tasks.run_calendar_sync_for_user[4f094c8f-c5e4-42a8-837d-5ac7320b6493] received
2026-02-10 12:29:58,110 - celery.worker.strategy - INFO - Task app.tasks.meeting_tasks.join_bot_to_meeting[192b1330-6ac0-42fd-beb4-6f070985263f] received
2026-02-10 12:30:59,819 - celery.worker.strategy - INFO - Task app.tasks.meeting_tasks.run_check_system_health[c6bc1468-903a-4af3-949b-08c106b513d0] received
2026-02-10 12:31:10,018 - celery.worker.strategy - INFO - Task app.tasks.meeting_tasks.check_and_finalize_completed_meetings[642d35eb-a922-4ee7-b5da-871898746596] received
2026-02-10 12:31:10,026 - celery.worker.strategy - INFO - Task app.tasks.meeting_tasks.check_stuck_meetings[4e898648-ff4a-4abc-81ca-e7fd78957837] received
2026-02-10 12:31:10,033 - celery.worker.strategy - INFO - Task app.tasks.calendar_tasks.run_calendar_sync_for_user[fc0fd286-5c31-4a90-ba65-dd3b5980eb5c] received
2026-02-10 12:33:48,307 - celery.worker.strategy - INFO - Task app.tasks.calendar_tasks.run_calendar_sync_for_user[9b3d5f71-8fbf-4c60-8a96-4a336e676dd2] received
2026-02-10 12:36:00,028 - celery.worker.strategy - INFO - Task app.tasks.meeting_tasks.check_stuck_meetings[598b7e84-8399-4dbf-9d08-64d6ac553f99] received
2026-02-10 12:40:59,825 - celery.worker.strategy - INFO - Task app.tasks.meeting_tasks.run_check_system_health[1099a70e-bffd-4c7e-9c53-bff1bc2d1c59] received
2026-02-10 12:41:10,028 - celery.worker.strategy - INFO - Task app.tasks.meeting_tasks.check_and_finalize_completed_meetings[5f5a7192-ebfe-47b0-9782-04f5c2efb82d] received
2026-02-10 12:41:10,036 - celery.worker.strategy - INFO - Task app.tasks.meeting_tasks.check_stuck_meetings[797fdc29-901a-435b-8920-e4e921aa283f] received
2026-02-10 12:46:00,035 - celery.worker.strategy - INFO - Task app.tasks.meeting_tasks.check_stuck_meetings[4dc5814b-8e3b-4626-86a4-e9b3f42dc73b] received
2026-02-10 12:50:59,837 - celery.worker.strategy - INFO - Task app.tasks.meeting_tasks.run_check_system_health[728db8af-b10e-4116-9bd0-ab1dbecf70a0] received
2026-02-10 12:51:10,046 - celery.worker.strategy - INFO - Task app.tasks.meeting_tasks.check_and_finalize_completed_meetings[13bc918e-1e29-42ad-90da-e9a8df7ef1f0] received
2026-02-10 12:51:10,055 - celery.worker.strategy - INFO - Task app.tasks.meeting_tasks.check_stuck_meetings[cb2be7bf-5d8a-4c47-89c0-2a428cedf142] received
2026-02-10 12:56:00,048 - celery.worker.strategy - INFO - Task app.tasks.meeting_tasks.check_stuck_meetings[9cc3428b-75df-449d-b84b-d4e714556592] received
2026-02-10 13:00:59,843 - celery.worker.strategy - INFO - Task app.tasks.meeting_tasks.run_check_system_health[ab69a22c-aa07-40ef-b607-f39de2234cf2] received
2026-02-10 13:01:10,038 - celery.worker.strategy - INFO - Task app.tasks.meeting_tasks.check_and_finalize_completed_meetings[87656416-12c5-4f4e-abf9-29000e26f5f0] received
2026-02-10 13:01:10,048 - celery.worker.strategy - INFO - Task app.tasks.meeting_tasks.check_stuck_meetings[d462226c-6c26-450b-b030-58532fe7b073] received
2026-02-10 13:06:00,056 - celery.worker.strategy - INFO - Task app.tasks.meeting_tasks.check_stuck_meetings[550ff78c-d971-46b7-8b57-0cf8ca51477d] received
2026-02-10 13:10:59,851 - celery.worker.strategy - INFO - Task app.tasks.meeting_tasks.run_check_system_health[f6d59a51-7a36-464d-9a73-e8a7539ede39] received
2026-02-10 13:11:10,056 - celery.worker.strategy - INFO - Task app.tasks.meeting_tasks.check_and_finalize_completed_meetings[cc0fb9b0-3708-4a07-ac5f-7f7757c1171d] received
2026-02-10 13:11:10,064 - celery.worker.strategy - INFO - Task app.tasks.meeting_tasks.check_stuck_meetings[cc24a7e0-934f-477a-a210-6283c35af712] received
2026-02-10 13:16:00,063 - celery.worker.strategy - INFO - Task app.tasks.meeting_tasks.check_stuck_meetings[206ffd2a-dc3a-4d73-acf6-7bedaf6fc4a9] received
2026-02-10 13:20:59,854 - celery.worker.strategy - INFO - Task app.tasks.meeting_tasks.run_check_system_health[a822968c-a465-4e2c-ad8d-f4e5f55234f5] received
2026-02-10 13:21:10,050 - celery.worker.strategy - INFO - Task app.tasks.meeting_tasks.check_and_finalize_completed_meetings[69c9ee72-76b3-4349-b5ce-829ee7a4e73b] received
2026-02-10 13:21:10,061 - celery.worker.strategy - INFO - Task app.tasks.meeting_tasks.check_stuck_meetings[948c964f-2c81-4fd8-9a14-785eaeb50a9e] received
2026-02-10 13:26:00,067 - celery.worker.strategy - INFO - Task app.tasks.meeting_tasks.check_stuck_meetings[91dcca4e-62c1-4631-a444-c7df8a524c25] received
2026-02-10 13:30:59,860 - celery.worker.strategy - INFO - Task app.tasks.meeting_tasks.run_check_system_health[ff0b32d1-a2fc-4706-84ce-c46f9b6e1634] received
2026-02-10 13:31:10,072 - celery.worker.strategy - INFO - Task app.tasks.meeting_tasks.check_and_finalize_completed_meetings[d4fa2edc-faf1-4c05-91b2-ed0d2e501a98] received
2026-02-10 13:31:10,081 - celery.worker.strategy - INFO - Task app.tasks.meeting_tasks.check_stuck_meetings[b3c15126-a133-4f1e-b49f-c6399a6140cb] received
2026-02-10 13:36:00,074 - celery.worker.strategy - INFO - Task app.tasks.meeting_tasks.check_stuck_meetings[57f7fed7-ec24-4699-88b2-165f722420a6] received
2026-02-10 13:40:59,864 - celery.worker.strategy - INFO - Task app.tasks.meeting_tasks.run_check_system_health[2ff97728-520c-4d96-97cc-a0f58f9af5e9] received
2026-02-10 13:41:10,103 - celery.worker.strategy - INFO - Task app.tasks.meeting_tasks.check_and_finalize_completed_meetings[d79fbd54-6742-4798-aed0-c4a7d120dbb3] received
2026-02-10 13:41:10,109 - celery.worker.strategy - INFO - Task app.tasks.meeting_tasks.check_stuck_meetings[f5a1a352-5da4-41ef-a03a-8997f6da78c8] received
2026-02-10 13:46:00,090 - celery.worker.strategy - INFO - Task app.tasks.meeting_tasks.check_stuck_meetings[18e29430-4a12-4df2-8aae-e56fadfbaef7] received
2026-02-10 13:50:59,871 - celery.worker.strategy - INFO - Task app.tasks.meeting_tasks.run_check_system_health[2ab2e14f-bf18-4e8f-9fa8-ac15b794d2ea] received
2026-02-10 13:51:10,077 - celery.worker.strategy - INFO - Task app.tasks.meeting_tasks.check_and_finalize_completed_meetings[4c8d9d7b-5898-47e0-8dc9-2636e684569a] received
2026-02-10 13:51:10,085 - celery.worker.strategy - INFO - Task app.tasks.meeting_tasks.check_stuck_meetings[0728bb8b-5cc1-4bae-85d3-6c1d3f410f04] received
2026-02-10 13:56:00,097 - celery.worker.strategy - INFO - Task app.tasks.meeting_tasks.check_stuck_meetings[05ffda18-4ea3-458c-b772-f0f0907b960f] received
2026-02-10 14:00:59,877 - celery.worker.strategy - INFO - Task app.tasks.meeting_tasks.run_check_system_health[09d400ca-4ea2-4ff2-abdb-277c735df4bb] received
2026-02-10 14:01:10,035 - celery.worker.strategy - INFO - Task app.tasks.meeting_tasks.check_and_finalize_completed_meetings[7a5dc7c3-c978-49ad-8b15-7d2beb2b0f1b] received
2026-02-10 14:01:10,043 - celery.worker.strategy - INFO - Task app.tasks.meeting_tasks.check_stuck_meetings[fa5ebc21-345b-4516-822f-497ad3d13240] received
2026-02-10 14:06:00,102 - celery.worker.strategy - INFO - Task app.tasks.meeting_tasks.check_stuck_meetings[f8cfacaa-ea88-43af-8c40-03c7b059839f] received
2026-02-10 14:10:59,881 - celery.worker.strategy - INFO - Task app.tasks.meeting_tasks.run_check_system_health[3609c9c1-6181-4711-b118-3d722cab59c5] received
2026-02-10 14:11:10,092 - celery.worker.strategy - INFO - Task app.tasks.meeting_tasks.check_and_finalize_completed_meetings[10e25e61-4173-46ae-a5f7-dd52af64e7d4] received
2026-02-10 14:11:10,100 - celery.worker.strategy - INFO - Task app.tasks.meeting_tasks.check_stuck_meetings[474cee87-26b2-4a18-9fd1-97a9d2e23ac4] received
2026-02-10 14:16:00,106 - celery.worker.strategy - INFO - Task app.tasks.meeting_tasks.check_stuck_meetings[91082a31-83b5-4ccb-893b-d7cc00a05e71] received
2026-02-10 14:20:59,886 - celery.worker.strategy - INFO - Task app.tasks.meeting_tasks.run_check_system_health[7907d2ac-b4a7-402d-af57-68b95a36edc4] received
2026-02-10 14:21:10,072 - celery.worker.strategy - INFO - Task app.tasks.meeting_tasks.check_and_finalize_completed_meetings[702922b7-2383-468f-aa9b-e5e8e3fa4039] received
2026-02-10 14:21:10,083 - celery.worker.strategy - INFO - Task app.tasks.meeting_tasks.check_stuck_meetings[f1425cdc-9c31-401b-b452-af49500079d2] received
2026-02-10 14:26:00,113 - celery.worker.strategy - INFO - Task app.tasks.meeting_tasks.check_stuck_meetings[84d6f33d-1102-4535-99a1-79c51a9ea8e1] received
2026-02-10 14:30:59,889 - celery.worker.strategy - INFO - Task app.tasks.meeting_tasks.run_check_system_health[20626986-5c2d-4a1e-972f-de3cbc10ece6] received
2026-02-10 14:31:10,146 - celery.worker.strategy - INFO - Task app.tasks.meeting_tasks.check_and_finalize_completed_meetings[6d6d3504-d3f6-45b8-a6e1-b1c784ee5a35] received
2026-02-10 14:31:10,156 - celery.worker.strategy - INFO - Task app.tasks.meeting_tasks.check_stuck_meetings[2478f915-6bbe-46b1-b58a-c80e58a9cc6c] received
2026-02-10 14:36:00,118 - celery.worker.strategy - INFO - Task app.tasks.meeting_tasks.check_stuck_meetings[f69b2ece-c5ea-473d-b1a3-3ee3ac597c4c] received
2026-02-10 14:37:50,418 - celery.worker.strategy - INFO - Task app.tasks.calendar_tasks.run_calendar_sync_for_user[021e715b-eb3c-4eb3-88cb-608b2cb13039] received
2026-02-10 14:37:52,232 - celery.worker.strategy - INFO - Task app.tasks.calendar_tasks.run_calendar_sync_for_user[fe4ae32a-31d3-4dc5-8bf7-13682e538727] received
2026-02-10 14:38:39,411 - celery.worker.strategy - INFO - Task app.tasks.calendar_tasks.run_calendar_sync_for_user[de56d113-26dc-4446-a9f0-1ce8d572db39] received
2026-02-10 14:39:49,958 - celery.worker.strategy - INFO - Task app.tasks.calendar_tasks.run_calendar_sync_for_user[3b29b3a9-de64-4def-8c7e-3c68b48bb1fa] received
2026-02-10 14:40:39,102 - celery.worker.strategy - INFO - Task app.tasks.calendar_tasks.run_calendar_sync_for_user[3df28cd0-b8a6-44d1-873c-ca40fa22dfd6] received
2026-02-10 14:40:59,894 - celery.worker.strategy - INFO - Task app.tasks.meeting_tasks.run_check_system_health[72d3c0aa-fae2-41a2-8985-821ad92cf2a2] received
2026-02-10 14:41:10,128 - celery.worker.strategy - INFO - Task app.tasks.meeting_tasks.check_and_finalize_completed_meetings[55e5d42a-7886-4262-bf2a-c180fc9aa216] received
2026-02-10 14:41:10,135 - celery.worker.strategy - INFO - Task app.tasks.meeting_tasks.check_stuck_meetings[7e85d333-1682-48c5-9fe1-29c0c0cffc2a] received
2026-02-10 14:46:00,126 - celery.worker.strategy - INFO - Task app.tasks.meeting_tasks.check_stuck_meetings[c8223eb7-f98b-40c5-9fb1-a95b84050a20] received
2026-02-10 14:50:59,905 - celery.worker.strategy - INFO - Task app.tasks.meeting_tasks.run_check_system_health[c4e0fbce-c082-435d-893e-4506db99965e] received
2026-02-10 14:51:10,175 - celery.worker.strategy - INFO - Task app.tasks.meeting_tasks.check_and_finalize_completed_meetings[22198a15-b1d7-4018-a6de-7d6c9be3396f] received
2026-02-10 14:51:10,182 - celery.worker.strategy - INFO - Task app.tasks.meeting_tasks.check_stuck_meetings[3a5bc1bc-d92e-43b2-8770-078a43a33fc0] received
2026-02-10 14:56:00,138 - celery.worker.strategy - INFO - Task app.tasks.meeting_tasks.check_stuck_meetings[05d44dc8-6c6a-4976-a3f8-851eb7e12e8b] received
2026-02-10 15:00:59,913 - celery.worker.strategy - INFO - Task app.tasks.meeting_tasks.run_check_system_health[75b53189-08ef-4129-b88d-8f6ce5bc06fd] received
2026-02-10 15:01:10,174 - celery.worker.strategy - INFO - Task app.tasks.meeting_tasks.check_and_finalize_completed_meetings[0a7a075c-4a64-48b9-8107-8fdf199ea9b7] received
2026-02-10 15:01:10,181 - celery.worker.strategy - INFO - Task app.tasks.meeting_tasks.check_stuck_meetings[46ff59d9-25e9-4d1c-a27e-82c6b4e1b2b3] received
2026-02-10 15:06:00,142 - celery.worker.strategy - INFO - Task app.tasks.meeting_tasks.check_stuck_meetings[ca005e5a-1017-47b3-90f9-cb91420a23bb] received
