2026-02-08 19:43:09,638 - celery.worker.consumer.connection - INFO - Connected to redis://localhost:6380/0
2026-02-08 19:43:09,645 - celery.worker.consumer.mingle - INFO - mingle: searching for neighbors
2026-02-08 19:43:10,666 - celery.worker.consumer.mingle - INFO - mingle: all alone
2026-02-08 19:43:10,700 - celery.worker.strategy - INFO - Task app.tasks.meeting_tasks.join_bot_to_meeting[03e431fb-6589-4c87-8649-38adf6b741bf] received
2026-02-08 19:44:03,351 - celery.worker.strategy - INFO - Task app.tasks.calendar_tasks.run_calendar_sync_for_user[3ad064b8-7df0-4db9-8c4b-55aae86b0cbf] received
2026-02-08 19:46:22,751 - celery.worker.strategy - INFO - Task app.tasks.calendar_tasks.run_calendar_sync_for_user[a3110f7a-ad45-43d4-8774-66f93a92975f] received
2026-02-08 19:46:23,188 - celery.worker.strategy - INFO - Task app.tasks.meeting_tasks.join_bot_to_meeting[09d1b7c5-ddb8-43c2-9d4b-49e3a666cb7d] received
2026-02-08 19:48:21,910 - celery.worker.strategy - INFO - Task app.tasks.calendar_tasks.run_calendar_sync_for_user[05d6a073-662a-4f53-9b93-e22f8a982db5] received
2026-02-08 19:55:31,089 - celery.worker.strategy - INFO - Task app.tasks.calendar_tasks.run_calendar_sync_for_user[05fefe47-cbad-4629-a9ce-e26b536c52ce] received
2026-02-08 19:55:31,539 - celery.worker.strategy - INFO - Task app.tasks.meeting_tasks.join_bot_to_meeting[c6d6e903-2835-4f8e-ad59-ae26ea9e5e87] received
2026-02-08 19:57:26,446 - celery.worker.strategy - INFO - Task app.tasks.calendar_tasks.run_calendar_sync_for_user[c3f981ca-2b38-4f3c-9334-627face37c8b] received
2026-02-08 19:59:10,918 - celery.worker.strategy - INFO - Task app.tasks.calendar_tasks.run_calendar_sync_for_user[ceca8f71-f1f0-4962-a6c4-d18c73f8ea5d] received
2026-02-08 19:59:11,237 - celery.worker.strategy - INFO - Task app.tasks.meeting_tasks.join_bot_to_meeting[e2a13413-dde0-46e5-9ab9-f3460e66ca17] received
2026-02-08 20:02:25,075 - celery.worker.strategy - INFO - Task app.tasks.calendar_tasks.run_calendar_sync_for_user[147a8e91-b932-433f-9959-a16009f185d5] received
2026-02-08 20:02:25,508 - celery.worker.strategy - INFO - Task app.tasks.meeting_tasks.join_bot_to_meeting[cedd6d10-9d01-4fb1-a266-952ba711c98f] received
2026-02-08 20:07:33,797 - celery.worker.consumer.connection - INFO - Connected to redis://localhost:6380/0
2026-02-08 20:07:33,808 - celery.worker.consumer.mingle - INFO - mingle: searching for neighbors
2026-02-08 20:07:34,829 - celery.worker.consumer.mingle - INFO - mingle: all alone
2026-02-08 20:07:34,857 - celery.worker.strategy - INFO - Task app.tasks.meeting_tasks.join_bot_to_meeting[03e431fb-6589-4c87-8649-38adf6b741bf] received
2026-02-08 20:08:41,595 - celery.worker.strategy - INFO - Task app.tasks.calendar_tasks.run_calendar_sync_for_user[4e266f6a-d9c0-4d05-a702-9ad22bf3003f] received
2026-02-08 20:08:42,208 - celery.worker.strategy - INFO - Task app.tasks.meeting_tasks.join_bot_to_meeting[36a39255-1f5a-4f37-8fd1-3bac90ceb979] received
2026-02-08 20:08:43,095 - celery.worker.strategy - INFO - Task app.tasks.meeting_tasks.fetch_vexa_transcript_for_meeting[eea5e0cf-0e3a-48ea-9a0a-eadcb5eb5dd6] received
2026-02-08 20:10:19,582 - celery.worker.strategy - INFO - Task app.tasks.calendar_tasks.run_calendar_sync_for_user[d1939b84-0b48-424c-82b2-ea0abaeb6b84] received
2026-02-08 20:10:19,916 - celery.worker.strategy - INFO - Task app.tasks.meeting_tasks.join_bot_to_meeting[ebeb0b4a-091d-4762-9cee-073993764003] received
2026-02-08 20:12:00,903 - celery.worker.strategy - INFO - Task app.tasks.meeting_tasks.fetch_vexa_transcript_for_meeting[1173696f-d78b-404b-8601-63467b39049e] received
2026-02-08 20:12:05,290 - celery.worker.strategy - INFO - Task app.tasks.calendar_tasks.run_calendar_sync_for_user[2245e36d-8a08-47f2-84d8-c71c9617485b] received
2026-02-08 20:21:20,558 - celery.worker.strategy - INFO - Task app.tasks.calendar_tasks.run_calendar_sync_for_user[2f34c02e-9bd1-4072-99d9-3afe653ab1cd] received
2026-02-08 20:23:27,797 - celery.worker.strategy - INFO - Task app.tasks.meeting_tasks.check_and_finalize_completed_meetings[0cbec3c7-aa8a-4f1b-ad09-6ef444f55988] received
2026-02-08 20:23:27,811 - celery.worker.strategy - INFO - Task app.tasks.meeting_tasks.check_stuck_meetings[ddc76c95-7796-496e-aa83-0d0ef1f06f6f] received
2026-02-08 20:23:27,819 - celery.worker.strategy - INFO - Task app.tasks.meeting_tasks.run_check_system_health[7274cca5-b1af-4bf0-aa63-4eb9a7b8a743] received
2026-02-08 20:24:21,617 - celery.worker.strategy - INFO - Task app.tasks.calendar_tasks.run_calendar_sync_for_user[14894387-04bf-420f-a11b-90545ec30dcc] received
2026-02-08 20:24:22,086 - celery.worker.strategy - INFO - Task app.tasks.meeting_tasks.join_bot_to_meeting[b4a5ba34-cbaa-43b4-acf1-97189899bd3d] received
2026-02-08 20:24:23,029 - celery.worker.strategy - INFO - Task app.tasks.meeting_tasks.fetch_vexa_transcript_for_meeting[6a063d26-becd-40e1-9051-0d4e98215164] received
2026-02-08 20:26:25,284 - celery.worker.strategy - INFO - Task app.tasks.summary_tasks.process_meeting_summary[8cbac3e7-1c57-43ef-82ea-9ea13c88f02a] received
2026-02-08 20:26:27,709 - celery.worker.strategy - INFO - Task app.tasks.summary_tasks.process_meeting_summary[8cbac3e7-1c57-43ef-82ea-9ea13c88f02a] received
2026-02-08 20:26:27,711 - celery.worker.strategy - INFO - Task app.tasks.summary_tasks.process_meeting_summary[8cbac3e7-1c57-43ef-82ea-9ea13c88f02a] received
2026-02-08 20:26:27,713 - celery.worker.strategy - INFO - Task app.tasks.summary_tasks.process_meeting_summary[8cbac3e7-1c57-43ef-82ea-9ea13c88f02a] received
2026-02-08 20:27:29,561 - celery.worker.strategy - INFO - Task app.tasks.calendar_tasks.run_calendar_sync_for_user[09aa17e2-3717-47f9-b865-5f8ee1fb8b65] received
2026-02-08 20:27:29,997 - celery.worker.strategy - INFO - Task app.tasks.meeting_tasks.join_bot_to_meeting[c6eb8236-dfdf-4144-abfe-c056721672b4] received
2026-02-08 20:27:30,897 - celery.worker.strategy - INFO - Task app.tasks.meeting_tasks.join_bot_to_meeting[9275c748-b519-4f0e-8435-721323d3b713] received
2026-02-08 20:27:31,782 - celery.worker.strategy - INFO - Task app.tasks.meeting_tasks.fetch_vexa_transcript_for_meeting[ca264e78-f37e-4dfc-be54-ef144256f384] received
2026-02-08 20:27:31,784 - celery.worker.strategy - INFO - Task app.tasks.meeting_tasks.fetch_vexa_transcript_for_meeting[e1aae583-59f0-4829-bf4f-e98ca9d04ba0] received
2026-02-08 20:28:27,820 - celery.worker.strategy - INFO - Task app.tasks.meeting_tasks.check_stuck_meetings[7cb802c6-b0b5-4cff-a604-c0cd9b91d64a] received
2026-02-08 20:29:30,038 - celery.worker.strategy - INFO - Task app.tasks.summary_tasks.process_meeting_summary[8cbac3e7-1c57-43ef-82ea-9ea13c88f02a] received
2026-02-08 20:29:30,045 - celery.worker.strategy - INFO - Task app.tasks.summary_tasks.process_meeting_summary[8cbac3e7-1c57-43ef-82ea-9ea13c88f02a] received
2026-02-08 20:29:30,053 - celery.worker.strategy - INFO - Task app.tasks.summary_tasks.process_meeting_summary[8cbac3e7-1c57-43ef-82ea-9ea13c88f02a] received
2026-02-08 20:29:32,394 - celery.worker.strategy - INFO - Task app.tasks.summary_tasks.process_meeting_summary[8cbac3e7-1c57-43ef-82ea-9ea13c88f02a] received
2026-02-08 20:29:32,402 - celery.worker.strategy - INFO - Task app.tasks.summary_tasks.process_meeting_summary[8cbac3e7-1c57-43ef-82ea-9ea13c88f02a] received
2026-02-08 20:29:32,407 - celery.worker.strategy - INFO - Task app.tasks.summary_tasks.process_meeting_summary[8cbac3e7-1c57-43ef-82ea-9ea13c88f02a] received
2026-02-08 20:29:34,759 - celery.worker.strategy - INFO - Task app.tasks.summary_tasks.process_meeting_summary[8cbac3e7-1c57-43ef-82ea-9ea13c88f02a] received
2026-02-08 20:29:34,766 - celery.worker.strategy - INFO - Task app.tasks.summary_tasks.process_meeting_summary[8cbac3e7-1c57-43ef-82ea-9ea13c88f02a] received
2026-02-08 20:29:34,773 - celery.worker.strategy - INFO - Task app.tasks.summary_tasks.process_meeting_summary[8cbac3e7-1c57-43ef-82ea-9ea13c88f02a] received
2026-02-08 20:32:32,372 - celery.worker.strategy - INFO - Task app.tasks.summary_tasks.process_meeting_summary[8cbac3e7-1c57-43ef-82ea-9ea13c88f02a] received
2026-02-08 20:32:32,379 - celery.worker.strategy - INFO - Task app.tasks.summary_tasks.process_meeting_summary[8cbac3e7-1c57-43ef-82ea-9ea13c88f02a] received
2026-02-08 20:32:32,384 - celery.worker.strategy - INFO - Task app.tasks.summary_tasks.process_meeting_summary[8cbac3e7-1c57-43ef-82ea-9ea13c88f02a] received
2026-02-08 20:32:34,722 - celery.worker.strategy - INFO - Task app.tasks.summary_tasks.process_meeting_summary[8cbac3e7-1c57-43ef-82ea-9ea13c88f02a] received
2026-02-08 20:32:34,730 - celery.worker.strategy - INFO - Task app.tasks.summary_tasks.process_meeting_summary[8cbac3e7-1c57-43ef-82ea-9ea13c88f02a] received
2026-02-08 20:32:34,737 - celery.worker.strategy - INFO - Task app.tasks.summary_tasks.process_meeting_summary[8cbac3e7-1c57-43ef-82ea-9ea13c88f02a] received
2026-02-08 20:32:37,089 - celery.worker.strategy - INFO - Task app.tasks.summary_tasks.process_meeting_summary[8cbac3e7-1c57-43ef-82ea-9ea13c88f02a] received
2026-02-08 20:32:37,097 - celery.worker.strategy - INFO - Task app.tasks.summary_tasks.process_meeting_summary[8cbac3e7-1c57-43ef-82ea-9ea13c88f02a] received
2026-02-08 20:32:37,152 - celery.worker.strategy - INFO - Task app.tasks.summary_tasks.process_meeting_summary[8cbac3e7-1c57-43ef-82ea-9ea13c88f02a] received
2026-02-08 20:32:39,503 - celery.worker.strategy - INFO - Task app.tasks.summary_tasks.process_meeting_summary[8cbac3e7-1c57-43ef-82ea-9ea13c88f02a] received
2026-02-08 20:32:39,511 - celery.worker.strategy - INFO - Task app.tasks.summary_tasks.process_meeting_summary[8cbac3e7-1c57-43ef-82ea-9ea13c88f02a] received
2026-02-08 20:32:39,516 - celery.worker.strategy - INFO - Task app.tasks.summary_tasks.process_meeting_summary[8cbac3e7-1c57-43ef-82ea-9ea13c88f02a] received
2026-02-08 20:32:41,873 - celery.worker.strategy - INFO - Task app.tasks.summary_tasks.process_meeting_summary[8cbac3e7-1c57-43ef-82ea-9ea13c88f02a] received
2026-02-08 20:32:41,881 - celery.worker.strategy - INFO - Task app.tasks.summary_tasks.process_meeting_summary[8cbac3e7-1c57-43ef-82ea-9ea13c88f02a] received
2026-02-08 20:32:41,887 - celery.worker.strategy - INFO - Task app.tasks.summary_tasks.process_meeting_summary[8cbac3e7-1c57-43ef-82ea-9ea13c88f02a] received
2026-02-08 20:32:44,246 - celery.worker.strategy - INFO - Task app.tasks.summary_tasks.process_meeting_summary[8cbac3e7-1c57-43ef-82ea-9ea13c88f02a] received
2026-02-08 20:32:44,253 - celery.worker.strategy - INFO - Task app.tasks.summary_tasks.process_meeting_summary[8cbac3e7-1c57-43ef-82ea-9ea13c88f02a] received
2026-02-08 20:32:44,258 - celery.worker.strategy - INFO - Task app.tasks.summary_tasks.process_meeting_summary[8cbac3e7-1c57-43ef-82ea-9ea13c88f02a] received
2026-02-08 20:32:46,601 - celery.worker.strategy - INFO - Task app.tasks.summary_tasks.process_meeting_summary[8cbac3e7-1c57-43ef-82ea-9ea13c88f02a] received
2026-02-08 20:32:46,610 - celery.worker.strategy - INFO - Task app.tasks.summary_tasks.process_meeting_summary[8cbac3e7-1c57-43ef-82ea-9ea13c88f02a] received
2026-02-08 20:32:46,616 - celery.worker.strategy - INFO - Task app.tasks.summary_tasks.process_meeting_summary[8cbac3e7-1c57-43ef-82ea-9ea13c88f02a] received
2026-02-08 20:32:48,962 - celery.worker.strategy - INFO - Task app.tasks.summary_tasks.process_meeting_summary[8cbac3e7-1c57-43ef-82ea-9ea13c88f02a] received
2026-02-08 20:32:48,970 - celery.worker.strategy - INFO - Task app.tasks.summary_tasks.process_meeting_summary[8cbac3e7-1c57-43ef-82ea-9ea13c88f02a] received
2026-02-08 20:32:48,975 - celery.worker.strategy - INFO - Task app.tasks.summary_tasks.process_meeting_summary[8cbac3e7-1c57-43ef-82ea-9ea13c88f02a] received
2026-02-08 20:32:51,324 - celery.worker.strategy - INFO - Task app.tasks.summary_tasks.process_meeting_summary[8cbac3e7-1c57-43ef-82ea-9ea13c88f02a] received
2026-02-08 20:32:51,331 - celery.worker.strategy - INFO - Task app.tasks.summary_tasks.process_meeting_summary[8cbac3e7-1c57-43ef-82ea-9ea13c88f02a] received
2026-02-08 20:32:51,338 - celery.worker.strategy - INFO - Task app.tasks.summary_tasks.process_meeting_summary[8cbac3e7-1c57-43ef-82ea-9ea13c88f02a] received
2026-02-08 20:33:27,777 - celery.worker.strategy - INFO - Task app.tasks.meeting_tasks.check_and_finalize_completed_meetings[22407699-a4ff-476e-8b8e-e0ba9cd53121] received
2026-02-08 20:33:28,436 - celery.worker.strategy - INFO - Task app.tasks.meeting_tasks.run_check_system_health[7742e2a0-f87e-46d3-a069-18ceafaec093] received
2026-02-08 20:33:38,634 - celery.worker.strategy - INFO - Task app.tasks.meeting_tasks.check_stuck_meetings[a48bb8bf-33b1-4b1a-803c-841d0d8d68f2] received
2026-02-08 20:35:34,731 - celery.worker.strategy - INFO - Task app.tasks.summary_tasks.process_meeting_summary[8cbac3e7-1c57-43ef-82ea-9ea13c88f02a] received
2026-02-08 20:35:34,738 - celery.worker.strategy - INFO - Task app.tasks.summary_tasks.process_meeting_summary[8cbac3e7-1c57-43ef-82ea-9ea13c88f02a] received
2026-02-08 20:35:34,745 - celery.worker.strategy - INFO - Task app.tasks.summary_tasks.process_meeting_summary[8cbac3e7-1c57-43ef-82ea-9ea13c88f02a] received
2026-02-08 20:35:37,098 - celery.worker.strategy - INFO - Task app.tasks.summary_tasks.process_meeting_summary[8cbac3e7-1c57-43ef-82ea-9ea13c88f02a] received
2026-02-08 20:35:37,106 - celery.worker.strategy - INFO - Task app.tasks.summary_tasks.process_meeting_summary[8cbac3e7-1c57-43ef-82ea-9ea13c88f02a] received
2026-02-08 20:35:37,111 - celery.worker.strategy - INFO - Task app.tasks.summary_tasks.process_meeting_summary[8cbac3e7-1c57-43ef-82ea-9ea13c88f02a] received
2026-02-08 20:35:39,452 - celery.worker.strategy - INFO - Task app.tasks.summary_tasks.process_meeting_summary[8cbac3e7-1c57-43ef-82ea-9ea13c88f02a] received
2026-02-08 20:35:39,460 - celery.worker.strategy - INFO - Task app.tasks.summary_tasks.process_meeting_summary[8cbac3e7-1c57-43ef-82ea-9ea13c88f02a] received
2026-02-08 20:35:39,468 - celery.worker.strategy - INFO - Task app.tasks.summary_tasks.process_meeting_summary[8cbac3e7-1c57-43ef-82ea-9ea13c88f02a] received
2026-02-08 20:35:41,810 - celery.worker.strategy - INFO - Task app.tasks.summary_tasks.process_meeting_summary[8cbac3e7-1c57-43ef-82ea-9ea13c88f02a] received
2026-02-08 20:35:41,819 - celery.worker.strategy - INFO - Task app.tasks.summary_tasks.process_meeting_summary[8cbac3e7-1c57-43ef-82ea-9ea13c88f02a] received
2026-02-08 20:35:41,824 - celery.worker.strategy - INFO - Task app.tasks.summary_tasks.process_meeting_summary[8cbac3e7-1c57-43ef-82ea-9ea13c88f02a] received
2026-02-08 20:35:44,175 - celery.worker.strategy - INFO - Task app.tasks.summary_tasks.process_meeting_summary[8cbac3e7-1c57-43ef-82ea-9ea13c88f02a] received
2026-02-08 20:35:44,183 - celery.worker.strategy - INFO - Task app.tasks.summary_tasks.process_meeting_summary[8cbac3e7-1c57-43ef-82ea-9ea13c88f02a] received
2026-02-08 20:35:44,190 - celery.worker.strategy - INFO - Task app.tasks.summary_tasks.process_meeting_summary[8cbac3e7-1c57-43ef-82ea-9ea13c88f02a] received
2026-02-08 20:35:46,525 - celery.worker.strategy - INFO - Task app.tasks.summary_tasks.process_meeting_summary[8cbac3e7-1c57-43ef-82ea-9ea13c88f02a] received
2026-02-08 20:35:46,533 - celery.worker.strategy - INFO - Task app.tasks.summary_tasks.process_meeting_summary[8cbac3e7-1c57-43ef-82ea-9ea13c88f02a] received
2026-02-08 20:35:46,538 - celery.worker.strategy - INFO - Task app.tasks.summary_tasks.process_meeting_summary[8cbac3e7-1c57-43ef-82ea-9ea13c88f02a] received
2026-02-08 20:35:48,883 - celery.worker.strategy - INFO - Task app.tasks.summary_tasks.process_meeting_summary[8cbac3e7-1c57-43ef-82ea-9ea13c88f02a] received
2026-02-08 20:35:48,891 - celery.worker.strategy - INFO - Task app.tasks.summary_tasks.process_meeting_summary[8cbac3e7-1c57-43ef-82ea-9ea13c88f02a] received
2026-02-08 20:35:48,898 - celery.worker.strategy - INFO - Task app.tasks.summary_tasks.process_meeting_summary[8cbac3e7-1c57-43ef-82ea-9ea13c88f02a] received
2026-02-08 20:35:51,237 - celery.worker.strategy - INFO - Task app.tasks.summary_tasks.process_meeting_summary[8cbac3e7-1c57-43ef-82ea-9ea13c88f02a] received
2026-02-08 20:35:51,246 - celery.worker.strategy - INFO - Task app.tasks.summary_tasks.process_meeting_summary[8cbac3e7-1c57-43ef-82ea-9ea13c88f02a] received
2026-02-08 20:35:51,250 - celery.worker.strategy - INFO - Task app.tasks.summary_tasks.process_meeting_summary[8cbac3e7-1c57-43ef-82ea-9ea13c88f02a] received
2026-02-08 20:35:53,602 - celery.worker.strategy - INFO - Task app.tasks.summary_tasks.process_meeting_summary[8cbac3e7-1c57-43ef-82ea-9ea13c88f02a] received
2026-02-08 20:35:53,610 - celery.worker.strategy - INFO - Task app.tasks.summary_tasks.process_meeting_summary[8cbac3e7-1c57-43ef-82ea-9ea13c88f02a] received
2026-02-08 20:35:53,614 - celery.worker.strategy - INFO - Task app.tasks.summary_tasks.process_meeting_summary[8cbac3e7-1c57-43ef-82ea-9ea13c88f02a] received
2026-02-08 20:35:55,966 - celery.worker.strategy - INFO - Task app.tasks.summary_tasks.process_meeting_summary[8cbac3e7-1c57-43ef-82ea-9ea13c88f02a] received
2026-02-08 20:35:55,973 - celery.worker.strategy - INFO - Task app.tasks.summary_tasks.process_meeting_summary[8cbac3e7-1c57-43ef-82ea-9ea13c88f02a] received
2026-02-08 20:35:55,981 - celery.worker.strategy - INFO - Task app.tasks.summary_tasks.process_meeting_summary[8cbac3e7-1c57-43ef-82ea-9ea13c88f02a] received
2026-02-08 20:35:58,327 - celery.worker.strategy - INFO - Task app.tasks.summary_tasks.process_meeting_summary[8cbac3e7-1c57-43ef-82ea-9ea13c88f02a] received
2026-02-08 20:35:58,335 - celery.worker.strategy - INFO - Task app.tasks.summary_tasks.process_meeting_summary[8cbac3e7-1c57-43ef-82ea-9ea13c88f02a] received
2026-02-08 20:35:58,342 - celery.worker.strategy - INFO - Task app.tasks.summary_tasks.process_meeting_summary[8cbac3e7-1c57-43ef-82ea-9ea13c88f02a] received
2026-02-08 20:36:00,692 - celery.worker.strategy - INFO - Task app.tasks.summary_tasks.process_meeting_summary[8cbac3e7-1c57-43ef-82ea-9ea13c88f02a] received
2026-02-08 20:36:00,700 - celery.worker.strategy - INFO - Task app.tasks.summary_tasks.process_meeting_summary[8cbac3e7-1c57-43ef-82ea-9ea13c88f02a] received
2026-02-08 20:36:00,707 - celery.worker.strategy - INFO - Task app.tasks.summary_tasks.process_meeting_summary[8cbac3e7-1c57-43ef-82ea-9ea13c88f02a] received
2026-02-08 20:36:03,050 - celery.worker.strategy - INFO - Task app.tasks.summary_tasks.process_meeting_summary[8cbac3e7-1c57-43ef-82ea-9ea13c88f02a] received
2026-02-08 20:36:03,058 - celery.worker.strategy - INFO - Task app.tasks.summary_tasks.process_meeting_summary[8cbac3e7-1c57-43ef-82ea-9ea13c88f02a] received
2026-02-08 20:36:03,063 - celery.worker.strategy - INFO - Task app.tasks.summary_tasks.process_meeting_summary[8cbac3e7-1c57-43ef-82ea-9ea13c88f02a] received
2026-02-08 20:36:05,403 - celery.worker.strategy - INFO - Task app.tasks.summary_tasks.process_meeting_summary[8cbac3e7-1c57-43ef-82ea-9ea13c88f02a] received
2026-02-08 20:36:05,410 - celery.worker.strategy - INFO - Task app.tasks.summary_tasks.process_meeting_summary[8cbac3e7-1c57-43ef-82ea-9ea13c88f02a] received
2026-02-08 20:36:05,418 - celery.worker.strategy - INFO - Task app.tasks.summary_tasks.process_meeting_summary[8cbac3e7-1c57-43ef-82ea-9ea13c88f02a] received
2026-02-08 20:36:07,756 - celery.worker.strategy - INFO - Task app.tasks.summary_tasks.process_meeting_summary[8cbac3e7-1c57-43ef-82ea-9ea13c88f02a] received
2026-02-08 20:36:07,764 - celery.worker.strategy - INFO - Task app.tasks.summary_tasks.process_meeting_summary[8cbac3e7-1c57-43ef-82ea-9ea13c88f02a] received
2026-02-08 20:36:07,769 - celery.worker.strategy - INFO - Task app.tasks.summary_tasks.process_meeting_summary[8cbac3e7-1c57-43ef-82ea-9ea13c88f02a] received
2026-02-08 20:36:10,124 - celery.worker.strategy - INFO - Task app.tasks.summary_tasks.process_meeting_summary[8cbac3e7-1c57-43ef-82ea-9ea13c88f02a] received
2026-02-08 20:36:10,132 - celery.worker.strategy - INFO - Task app.tasks.summary_tasks.process_meeting_summary[8cbac3e7-1c57-43ef-82ea-9ea13c88f02a] received
2026-02-08 20:36:10,136 - celery.worker.strategy - INFO - Task app.tasks.summary_tasks.process_meeting_summary[8cbac3e7-1c57-43ef-82ea-9ea13c88f02a] received
2026-02-08 20:36:12,486 - celery.worker.strategy - INFO - Task app.tasks.summary_tasks.process_meeting_summary[8cbac3e7-1c57-43ef-82ea-9ea13c88f02a] received
2026-02-08 20:36:12,494 - celery.worker.strategy - INFO - Task app.tasks.summary_tasks.process_meeting_summary[8cbac3e7-1c57-43ef-82ea-9ea13c88f02a] received
2026-02-08 20:36:12,498 - celery.worker.strategy - INFO - Task app.tasks.summary_tasks.process_meeting_summary[8cbac3e7-1c57-43ef-82ea-9ea13c88f02a] received
2026-02-08 20:36:14,850 - celery.worker.strategy - INFO - Task app.tasks.summary_tasks.process_meeting_summary[8cbac3e7-1c57-43ef-82ea-9ea13c88f02a] received
2026-02-08 20:36:14,858 - celery.worker.strategy - INFO - Task app.tasks.summary_tasks.process_meeting_summary[8cbac3e7-1c57-43ef-82ea-9ea13c88f02a] received
2026-02-08 20:36:14,863 - celery.worker.strategy - INFO - Task app.tasks.summary_tasks.process_meeting_summary[8cbac3e7-1c57-43ef-82ea-9ea13c88f02a] received
2026-02-08 20:36:17,205 - celery.worker.strategy - INFO - Task app.tasks.summary_tasks.process_meeting_summary[8cbac3e7-1c57-43ef-82ea-9ea13c88f02a] received
2026-02-08 20:36:17,212 - celery.worker.strategy - INFO - Task app.tasks.summary_tasks.process_meeting_summary[8cbac3e7-1c57-43ef-82ea-9ea13c88f02a] received
2026-02-08 20:36:17,219 - celery.worker.strategy - INFO - Task app.tasks.summary_tasks.process_meeting_summary[8cbac3e7-1c57-43ef-82ea-9ea13c88f02a] received
2026-02-08 20:36:21,444 - celery.worker.strategy - INFO - Task app.tasks.summary_tasks.process_meeting_summary[8cbac3e7-1c57-43ef-82ea-9ea13c88f02a] received
2026-02-08 20:36:21,452 - celery.worker.strategy - INFO - Task app.tasks.summary_tasks.process_meeting_summary[8cbac3e7-1c57-43ef-82ea-9ea13c88f02a] received
2026-02-08 20:36:21,457 - celery.worker.strategy - INFO - Task app.tasks.summary_tasks.process_meeting_summary[8cbac3e7-1c57-43ef-82ea-9ea13c88f02a] received
2026-02-08 20:36:23,802 - celery.worker.strategy - INFO - Task app.tasks.summary_tasks.process_meeting_summary[8cbac3e7-1c57-43ef-82ea-9ea13c88f02a] received
2026-02-08 20:36:23,809 - celery.worker.strategy - INFO - Task app.tasks.summary_tasks.process_meeting_summary[8cbac3e7-1c57-43ef-82ea-9ea13c88f02a] received
2026-02-08 20:36:23,816 - celery.worker.strategy - INFO - Task app.tasks.summary_tasks.process_meeting_summary[8cbac3e7-1c57-43ef-82ea-9ea13c88f02a] received
2026-02-08 20:36:26,164 - celery.worker.strategy - INFO - Task app.tasks.summary_tasks.process_meeting_summary[8cbac3e7-1c57-43ef-82ea-9ea13c88f02a] received
2026-02-08 20:36:26,172 - celery.worker.strategy - INFO - Task app.tasks.summary_tasks.process_meeting_summary[8cbac3e7-1c57-43ef-82ea-9ea13c88f02a] received
2026-02-08 20:36:26,176 - celery.worker.strategy - INFO - Task app.tasks.summary_tasks.process_meeting_summary[8cbac3e7-1c57-43ef-82ea-9ea13c88f02a] received
2026-02-08 20:36:28,520 - celery.worker.strategy - INFO - Task app.tasks.summary_tasks.process_meeting_summary[8cbac3e7-1c57-43ef-82ea-9ea13c88f02a] received
2026-02-08 20:36:28,528 - celery.worker.strategy - INFO - Task app.tasks.summary_tasks.process_meeting_summary[8cbac3e7-1c57-43ef-82ea-9ea13c88f02a] received
2026-02-08 20:36:28,535 - celery.worker.strategy - INFO - Task app.tasks.summary_tasks.process_meeting_summary[8cbac3e7-1c57-43ef-82ea-9ea13c88f02a] received
2026-02-08 20:36:30,888 - celery.worker.strategy - INFO - Task app.tasks.summary_tasks.process_meeting_summary[8cbac3e7-1c57-43ef-82ea-9ea13c88f02a] received
2026-02-08 20:36:30,896 - celery.worker.strategy - INFO - Task app.tasks.summary_tasks.process_meeting_summary[8cbac3e7-1c57-43ef-82ea-9ea13c88f02a] received
2026-02-08 20:36:30,901 - celery.worker.strategy - INFO - Task app.tasks.summary_tasks.process_meeting_summary[8cbac3e7-1c57-43ef-82ea-9ea13c88f02a] received
2026-02-08 20:36:33,259 - celery.worker.strategy - INFO - Task app.tasks.summary_tasks.process_meeting_summary[8cbac3e7-1c57-43ef-82ea-9ea13c88f02a] received
2026-02-08 20:36:33,267 - celery.worker.strategy - INFO - Task app.tasks.summary_tasks.process_meeting_summary[8cbac3e7-1c57-43ef-82ea-9ea13c88f02a] received
2026-02-08 20:36:33,271 - celery.worker.strategy - INFO - Task app.tasks.summary_tasks.process_meeting_summary[8cbac3e7-1c57-43ef-82ea-9ea13c88f02a] received
2026-02-08 20:36:35,625 - celery.worker.strategy - INFO - Task app.tasks.summary_tasks.process_meeting_summary[8cbac3e7-1c57-43ef-82ea-9ea13c88f02a] received
2026-02-08 20:36:35,632 - celery.worker.strategy - INFO - Task app.tasks.summary_tasks.process_meeting_summary[8cbac3e7-1c57-43ef-82ea-9ea13c88f02a] received
2026-02-08 20:36:35,641 - celery.worker.strategy - INFO - Task app.tasks.summary_tasks.process_meeting_summary[8cbac3e7-1c57-43ef-82ea-9ea13c88f02a] received
2026-02-08 20:36:37,993 - celery.worker.strategy - INFO - Task app.tasks.summary_tasks.process_meeting_summary[8cbac3e7-1c57-43ef-82ea-9ea13c88f02a] received
2026-02-08 20:36:38,001 - celery.worker.strategy - INFO - Task app.tasks.summary_tasks.process_meeting_summary[8cbac3e7-1c57-43ef-82ea-9ea13c88f02a] received
2026-02-08 20:36:38,006 - celery.worker.strategy - INFO - Task app.tasks.summary_tasks.process_meeting_summary[8cbac3e7-1c57-43ef-82ea-9ea13c88f02a] received
2026-02-08 20:37:49,838 - celery.worker.consumer.connection - INFO - Connected to redis://localhost:6380/0
2026-02-08 20:37:49,843 - celery.worker.consumer.mingle - INFO - mingle: searching for neighbors
2026-02-08 20:37:50,865 - celery.worker.consumer.mingle - INFO - mingle: all alone
2026-02-08 20:37:50,899 - celery.worker.strategy - INFO - Task app.tasks.meeting_tasks.fetch_vexa_transcript_for_meeting[e1aae583-59f0-4829-bf4f-e98ca9d04ba0] received
2026-02-08 20:37:50,901 - celery.worker.strategy - INFO - Task app.tasks.summary_tasks.process_meeting_summary[8cbac3e7-1c57-43ef-82ea-9ea13c88f02a] received
2026-02-08 20:37:50,903 - celery.worker.strategy - INFO - Task app.tasks.meeting_tasks.fetch_vexa_transcript_for_meeting[ca264e78-f37e-4dfc-be54-ef144256f384] received
2026-02-08 20:37:50,904 - celery.worker.strategy - INFO - Task app.tasks.summary_tasks.process_meeting_summary[8cbac3e7-1c57-43ef-82ea-9ea13c88f02a] received
2026-02-08 20:37:50,906 - celery.worker.strategy - INFO - Task app.tasks.meeting_tasks.fetch_vexa_transcript_for_meeting[6a063d26-becd-40e1-9051-0d4e98215164] received
2026-02-08 20:37:50,908 - celery.worker.strategy - INFO - Task app.tasks.summary_tasks.process_meeting_summary[8cbac3e7-1c57-43ef-82ea-9ea13c88f02a] received
2026-02-08 20:37:50,910 - celery.worker.strategy - INFO - Task app.tasks.meeting_tasks.fetch_vexa_transcript_for_meeting[1173696f-d78b-404b-8601-63467b39049e] received
2026-02-08 20:37:50,911 - celery.worker.strategy - INFO - Task app.tasks.summary_tasks.process_meeting_summary[8cbac3e7-1c57-43ef-82ea-9ea13c88f02a] received
2026-02-08 20:37:50,913 - celery.worker.strategy - INFO - Task app.tasks.meeting_tasks.fetch_vexa_transcript_for_meeting[eea5e0cf-0e3a-48ea-9a0a-eadcb5eb5dd6] received
2026-02-08 20:37:50,915 - celery.worker.strategy - INFO - Task app.tasks.summary_tasks.process_meeting_summary[8cbac3e7-1c57-43ef-82ea-9ea13c88f02a] received
2026-02-08 20:37:50,916 - celery.worker.strategy - INFO - Task app.tasks.meeting_tasks.join_bot_to_meeting[03e431fb-6589-4c87-8649-38adf6b741bf] received
2026-02-08 20:37:50,918 - celery.worker.strategy - INFO - Task app.tasks.summary_tasks.process_meeting_summary[8cbac3e7-1c57-43ef-82ea-9ea13c88f02a] received
2026-02-08 20:37:50,919 - celery.worker.strategy - INFO - Task app.tasks.summary_tasks.process_meeting_summary[8cbac3e7-1c57-43ef-82ea-9ea13c88f02a] received
2026-02-08 20:37:50,921 - celery.worker.strategy - INFO - Task app.tasks.summary_tasks.process_meeting_summary[8cbac3e7-1c57-43ef-82ea-9ea13c88f02a] received
2026-02-08 20:37:50,923 - celery.worker.strategy - INFO - Task app.tasks.summary_tasks.process_meeting_summary[8cbac3e7-1c57-43ef-82ea-9ea13c88f02a] received
2026-02-08 20:37:50,924 - celery.worker.strategy - INFO - Task app.tasks.summary_tasks.process_meeting_summary[8cbac3e7-1c57-43ef-82ea-9ea13c88f02a] received
2026-02-08 20:37:50,926 - celery.worker.strategy - INFO - Task app.tasks.summary_tasks.process_meeting_summary[8cbac3e7-1c57-43ef-82ea-9ea13c88f02a] received
2026-02-08 20:37:50,927 - celery.worker.strategy - INFO - Task app.tasks.summary_tasks.process_meeting_summary[8cbac3e7-1c57-43ef-82ea-9ea13c88f02a] received
2026-02-08 20:37:50,929 - celery.worker.strategy - INFO - Task app.tasks.summary_tasks.process_meeting_summary[8cbac3e7-1c57-43ef-82ea-9ea13c88f02a] received
2026-02-08 20:37:50,931 - celery.worker.strategy - INFO - Task app.tasks.summary_tasks.process_meeting_summary[8cbac3e7-1c57-43ef-82ea-9ea13c88f02a] received
2026-02-08 20:37:50,932 - celery.worker.strategy - INFO - Task app.tasks.summary_tasks.process_meeting_summary[8cbac3e7-1c57-43ef-82ea-9ea13c88f02a] received
2026-02-08 20:37:50,934 - celery.worker.strategy - INFO - Task app.tasks.summary_tasks.process_meeting_summary[8cbac3e7-1c57-43ef-82ea-9ea13c88f02a] received
2026-02-08 20:37:50,936 - celery.worker.strategy - INFO - Task app.tasks.summary_tasks.process_meeting_summary[8cbac3e7-1c57-43ef-82ea-9ea13c88f02a] received
2026-02-08 20:37:50,937 - celery.worker.strategy - INFO - Task app.tasks.summary_tasks.process_meeting_summary[8cbac3e7-1c57-43ef-82ea-9ea13c88f02a] received
2026-02-08 20:37:50,939 - celery.worker.strategy - INFO - Task app.tasks.summary_tasks.process_meeting_summary[8cbac3e7-1c57-43ef-82ea-9ea13c88f02a] received
2026-02-08 20:37:50,941 - celery.worker.strategy - INFO - Task app.tasks.summary_tasks.process_meeting_summary[8cbac3e7-1c57-43ef-82ea-9ea13c88f02a] received
2026-02-08 20:37:50,942 - celery.worker.strategy - INFO - Task app.tasks.summary_tasks.process_meeting_summary[8cbac3e7-1c57-43ef-82ea-9ea13c88f02a] received
2026-02-08 20:37:50,944 - celery.worker.strategy - INFO - Task app.tasks.summary_tasks.process_meeting_summary[8cbac3e7-1c57-43ef-82ea-9ea13c88f02a] received
2026-02-08 20:37:50,946 - celery.worker.strategy - INFO - Task app.tasks.summary_tasks.process_meeting_summary[8cbac3e7-1c57-43ef-82ea-9ea13c88f02a] received
2026-02-08 20:37:50,947 - celery.worker.strategy - INFO - Task app.tasks.summary_tasks.process_meeting_summary[8cbac3e7-1c57-43ef-82ea-9ea13c88f02a] received
2026-02-08 20:37:50,949 - celery.worker.strategy - INFO - Task app.tasks.summary_tasks.process_meeting_summary[8cbac3e7-1c57-43ef-82ea-9ea13c88f02a] received
2026-02-08 20:37:50,950 - celery.worker.strategy - INFO - Task app.tasks.summary_tasks.process_meeting_summary[8cbac3e7-1c57-43ef-82ea-9ea13c88f02a] received
2026-02-08 20:37:50,952 - celery.worker.strategy - INFO - Task app.tasks.summary_tasks.process_meeting_summary[8cbac3e7-1c57-43ef-82ea-9ea13c88f02a] received
2026-02-08 20:37:50,954 - celery.worker.strategy - INFO - Task app.tasks.summary_tasks.process_meeting_summary[8cbac3e7-1c57-43ef-82ea-9ea13c88f02a] received
2026-02-08 20:37:50,955 - celery.worker.strategy - INFO - Task app.tasks.summary_tasks.process_meeting_summary[8cbac3e7-1c57-43ef-82ea-9ea13c88f02a] received
2026-02-08 20:37:50,957 - celery.worker.strategy - INFO - Task app.tasks.summary_tasks.process_meeting_summary[8cbac3e7-1c57-43ef-82ea-9ea13c88f02a] received
2026-02-08 20:37:50,958 - celery.worker.strategy - INFO - Task app.tasks.summary_tasks.process_meeting_summary[8cbac3e7-1c57-43ef-82ea-9ea13c88f02a] received
2026-02-08 20:37:50,960 - celery.worker.strategy - INFO - Task app.tasks.summary_tasks.process_meeting_summary[8cbac3e7-1c57-43ef-82ea-9ea13c88f02a] received
2026-02-08 20:37:50,962 - celery.worker.strategy - INFO - Task app.tasks.summary_tasks.process_meeting_summary[8cbac3e7-1c57-43ef-82ea-9ea13c88f02a] received
2026-02-08 20:37:50,964 - celery.worker.strategy - INFO - Task app.tasks.summary_tasks.process_meeting_summary[8cbac3e7-1c57-43ef-82ea-9ea13c88f02a] received
2026-02-08 20:37:50,965 - celery.worker.strategy - INFO - Task app.tasks.summary_tasks.process_meeting_summary[8cbac3e7-1c57-43ef-82ea-9ea13c88f02a] received
2026-02-08 20:37:50,967 - celery.worker.strategy - INFO - Task app.tasks.summary_tasks.process_meeting_summary[8cbac3e7-1c57-43ef-82ea-9ea13c88f02a] received
2026-02-08 20:37:50,969 - celery.worker.strategy - INFO - Task app.tasks.summary_tasks.process_meeting_summary[8cbac3e7-1c57-43ef-82ea-9ea13c88f02a] received
2026-02-08 20:37:50,970 - celery.worker.strategy - INFO - Task app.tasks.summary_tasks.process_meeting_summary[8cbac3e7-1c57-43ef-82ea-9ea13c88f02a] received
2026-02-08 20:37:50,972 - celery.worker.strategy - INFO - Task app.tasks.summary_tasks.process_meeting_summary[8cbac3e7-1c57-43ef-82ea-9ea13c88f02a] received
2026-02-08 20:37:50,973 - celery.worker.strategy - INFO - Task app.tasks.summary_tasks.process_meeting_summary[8cbac3e7-1c57-43ef-82ea-9ea13c88f02a] received
2026-02-08 20:37:50,975 - celery.worker.strategy - INFO - Task app.tasks.summary_tasks.process_meeting_summary[8cbac3e7-1c57-43ef-82ea-9ea13c88f02a] received
2026-02-08 20:37:50,977 - celery.worker.strategy - INFO - Task app.tasks.summary_tasks.process_meeting_summary[8cbac3e7-1c57-43ef-82ea-9ea13c88f02a] received
2026-02-08 20:37:50,978 - celery.worker.strategy - INFO - Task app.tasks.summary_tasks.process_meeting_summary[8cbac3e7-1c57-43ef-82ea-9ea13c88f02a] received
2026-02-08 20:37:50,980 - celery.worker.strategy - INFO - Task app.tasks.summary_tasks.process_meeting_summary[8cbac3e7-1c57-43ef-82ea-9ea13c88f02a] received
2026-02-08 20:37:50,981 - celery.worker.strategy - INFO - Task app.tasks.summary_tasks.process_meeting_summary[8cbac3e7-1c57-43ef-82ea-9ea13c88f02a] received
2026-02-08 20:37:50,983 - celery.worker.strategy - INFO - Task app.tasks.summary_tasks.process_meeting_summary[8cbac3e7-1c57-43ef-82ea-9ea13c88f02a] received
2026-02-08 20:37:50,985 - celery.worker.strategy - INFO - Task app.tasks.summary_tasks.process_meeting_summary[8cbac3e7-1c57-43ef-82ea-9ea13c88f02a] received
2026-02-08 20:37:50,986 - celery.worker.strategy - INFO - Task app.tasks.summary_tasks.process_meeting_summary[8cbac3e7-1c57-43ef-82ea-9ea13c88f02a] received
2026-02-08 20:37:50,988 - celery.worker.strategy - INFO - Task app.tasks.summary_tasks.process_meeting_summary[8cbac3e7-1c57-43ef-82ea-9ea13c88f02a] received
2026-02-08 20:37:50,989 - celery.worker.strategy - INFO - Task app.tasks.summary_tasks.process_meeting_summary[8cbac3e7-1c57-43ef-82ea-9ea13c88f02a] received
2026-02-08 20:37:50,991 - celery.worker.strategy - INFO - Task app.tasks.summary_tasks.process_meeting_summary[8cbac3e7-1c57-43ef-82ea-9ea13c88f02a] received
2026-02-08 20:37:50,993 - celery.worker.strategy - INFO - Task app.tasks.summary_tasks.process_meeting_summary[8cbac3e7-1c57-43ef-82ea-9ea13c88f02a] received
2026-02-08 20:37:50,995 - celery.worker.strategy - INFO - Task app.tasks.summary_tasks.process_meeting_summary[8cbac3e7-1c57-43ef-82ea-9ea13c88f02a] received
2026-02-08 20:37:50,996 - celery.worker.strategy - INFO - Task app.tasks.summary_tasks.process_meeting_summary[8cbac3e7-1c57-43ef-82ea-9ea13c88f02a] received
2026-02-08 20:37:50,998 - celery.worker.strategy - INFO - Task app.tasks.summary_tasks.process_meeting_summary[8cbac3e7-1c57-43ef-82ea-9ea13c88f02a] received
2026-02-08 20:37:51,000 - celery.worker.strategy - INFO - Task app.tasks.summary_tasks.process_meeting_summary[8cbac3e7-1c57-43ef-82ea-9ea13c88f02a] received
2026-02-08 20:37:51,001 - celery.worker.strategy - INFO - Task app.tasks.summary_tasks.process_meeting_summary[8cbac3e7-1c57-43ef-82ea-9ea13c88f02a] received
2026-02-08 20:37:51,003 - celery.worker.strategy - INFO - Task app.tasks.summary_tasks.process_meeting_summary[8cbac3e7-1c57-43ef-82ea-9ea13c88f02a] received
2026-02-08 20:37:51,004 - celery.worker.strategy - INFO - Task app.tasks.summary_tasks.process_meeting_summary[8cbac3e7-1c57-43ef-82ea-9ea13c88f02a] received
2026-02-08 20:37:51,006 - celery.worker.strategy - INFO - Task app.tasks.summary_tasks.process_meeting_summary[8cbac3e7-1c57-43ef-82ea-9ea13c88f02a] received
2026-02-08 20:37:51,008 - celery.worker.strategy - INFO - Task app.tasks.summary_tasks.process_meeting_summary[8cbac3e7-1c57-43ef-82ea-9ea13c88f02a] received
2026-02-08 20:37:51,009 - celery.worker.strategy - INFO - Task app.tasks.summary_tasks.process_meeting_summary[8cbac3e7-1c57-43ef-82ea-9ea13c88f02a] received
2026-02-08 20:37:51,011 - celery.worker.strategy - INFO - Task app.tasks.summary_tasks.process_meeting_summary[8cbac3e7-1c57-43ef-82ea-9ea13c88f02a] received
2026-02-08 20:37:51,012 - celery.worker.strategy - INFO - Task app.tasks.summary_tasks.process_meeting_summary[8cbac3e7-1c57-43ef-82ea-9ea13c88f02a] received
2026-02-08 20:37:51,014 - celery.worker.strategy - INFO - Task app.tasks.summary_tasks.process_meeting_summary[8cbac3e7-1c57-43ef-82ea-9ea13c88f02a] received
2026-02-08 20:37:51,015 - celery.worker.strategy - INFO - Task app.tasks.summary_tasks.process_meeting_summary[8cbac3e7-1c57-43ef-82ea-9ea13c88f02a] received
2026-02-08 20:37:51,017 - celery.worker.strategy - INFO - Task app.tasks.summary_tasks.process_meeting_summary[8cbac3e7-1c57-43ef-82ea-9ea13c88f02a] received
2026-02-08 20:37:51,019 - celery.worker.strategy - INFO - Task app.tasks.summary_tasks.process_meeting_summary[8cbac3e7-1c57-43ef-82ea-9ea13c88f02a] received
2026-02-08 20:37:51,020 - celery.worker.strategy - INFO - Task app.tasks.summary_tasks.process_meeting_summary[8cbac3e7-1c57-43ef-82ea-9ea13c88f02a] received
2026-02-08 20:37:51,022 - celery.worker.strategy - INFO - Task app.tasks.summary_tasks.process_meeting_summary[8cbac3e7-1c57-43ef-82ea-9ea13c88f02a] received
2026-02-08 20:37:51,023 - celery.worker.strategy - INFO - Task app.tasks.summary_tasks.process_meeting_summary[8cbac3e7-1c57-43ef-82ea-9ea13c88f02a] received
2026-02-08 20:37:51,025 - celery.worker.strategy - INFO - Task app.tasks.summary_tasks.process_meeting_summary[8cbac3e7-1c57-43ef-82ea-9ea13c88f02a] received
2026-02-08 20:37:51,026 - celery.worker.strategy - INFO - Task app.tasks.summary_tasks.process_meeting_summary[8cbac3e7-1c57-43ef-82ea-9ea13c88f02a] received
2026-02-08 20:37:51,028 - celery.worker.strategy - INFO - Task app.tasks.summary_tasks.process_meeting_summary[8cbac3e7-1c57-43ef-82ea-9ea13c88f02a] received
2026-02-08 20:37:51,030 - celery.worker.strategy - INFO - Task app.tasks.summary_tasks.process_meeting_summary[8cbac3e7-1c57-43ef-82ea-9ea13c88f02a] received
2026-02-08 20:37:51,031 - celery.worker.strategy - INFO - Task app.tasks.summary_tasks.process_meeting_summary[8cbac3e7-1c57-43ef-82ea-9ea13c88f02a] received
2026-02-08 20:37:51,033 - celery.worker.strategy - INFO - Task app.tasks.summary_tasks.process_meeting_summary[8cbac3e7-1c57-43ef-82ea-9ea13c88f02a] received
2026-02-08 20:37:51,034 - celery.worker.strategy - INFO - Task app.tasks.summary_tasks.process_meeting_summary[8cbac3e7-1c57-43ef-82ea-9ea13c88f02a] received
2026-02-08 20:37:51,036 - celery.worker.strategy - INFO - Task app.tasks.summary_tasks.process_meeting_summary[8cbac3e7-1c57-43ef-82ea-9ea13c88f02a] received
2026-02-08 20:37:51,038 - celery.worker.strategy - INFO - Task app.tasks.summary_tasks.process_meeting_summary[8cbac3e7-1c57-43ef-82ea-9ea13c88f02a] received
2026-02-08 20:37:51,039 - celery.worker.strategy - INFO - Task app.tasks.summary_tasks.process_meeting_summary[8cbac3e7-1c57-43ef-82ea-9ea13c88f02a] received
2026-02-08 20:38:19,730 - celery.worker.strategy - INFO - Task app.tasks.calendar_tasks.run_calendar_sync_for_user[e594cec3-8dc3-4ac9-afd9-ab1e53efe02e] received
2026-02-08 20:38:27,826 - celery.worker.strategy - INFO - Task app.tasks.meeting_tasks.check_stuck_meetings[fd9affdf-7824-4ff2-9ef3-c84523d52c44] received
2026-02-08 20:43:27,786 - celery.worker.strategy - INFO - Task app.tasks.meeting_tasks.check_and_finalize_completed_meetings[ac7c1890-4a2a-464e-b471-64898c666b24] received
2026-02-08 20:43:27,813 - celery.worker.strategy - INFO - Task app.tasks.meeting_tasks.run_check_system_health[6867ef0a-8815-4028-acbf-d8638270a310] received
2026-02-08 20:43:38,024 - celery.worker.strategy - INFO - Task app.tasks.meeting_tasks.check_stuck_meetings[86f1eae5-f0db-487f-a010-94d4020733e6] received
2026-02-08 20:45:25,314 - celery.worker.consumer.connection - INFO - Connected to redis://localhost:6380/0
2026-02-08 20:45:25,319 - celery.worker.consumer.mingle - INFO - mingle: searching for neighbors
2026-02-08 20:45:26,338 - celery.worker.consumer.mingle - INFO - mingle: all alone
2026-02-08 20:45:55,042 - celery.worker.consumer.connection - INFO - Connected to redis://localhost:6380/0
2026-02-08 20:45:55,053 - celery.worker.consumer.mingle - INFO - mingle: searching for neighbors
2026-02-08 20:45:56,073 - celery.worker.consumer.mingle - INFO - mingle: all alone
2026-02-08 21:10:30,548 - celery.worker.consumer.connection - INFO - Connected to redis://localhost:6380/0
2026-02-08 21:10:30,554 - celery.worker.consumer.mingle - INFO - mingle: searching for neighbors
2026-02-08 21:10:31,577 - celery.worker.consumer.mingle - INFO - mingle: all alone
2026-02-08 21:10:58,435 - celery.worker.strategy - INFO - Task app.tasks.meeting_tasks.check_and_finalize_completed_meetings[2d6673f6-1dfa-4ec3-9b35-37fd07d2e881] received
2026-02-08 21:10:58,671 - celery.worker.strategy - INFO - Task app.tasks.meeting_tasks.check_stuck_meetings[fd5730d8-6618-452d-ba83-86210c461831] received
2026-02-08 21:10:58,679 - celery.worker.strategy - INFO - Task app.tasks.meeting_tasks.run_check_system_health[b0775629-f2fc-43c1-9060-111c45bf6b5d] received
2026-02-08 21:15:58,454 - celery.worker.strategy - INFO - Task app.tasks.meeting_tasks.check_stuck_meetings[b1e5536a-3c59-4114-b2fb-df2ea8dd3cdd] received
2026-02-08 21:20:58,415 - celery.worker.strategy - INFO - Task app.tasks.meeting_tasks.check_and_finalize_completed_meetings[6ca1b423-8af5-4686-89ae-b03f26d5a522] received
2026-02-08 21:20:58,449 - celery.worker.strategy - INFO - Task app.tasks.meeting_tasks.run_check_system_health[2a2daa23-8f99-4d6b-b182-548c56914aff] received
2026-02-08 21:21:08,673 - celery.worker.strategy - INFO - Task app.tasks.meeting_tasks.check_stuck_meetings[f4e463ad-f395-496b-a0dc-17c8a4b216b0] received
2026-02-08 21:25:58,459 - celery.worker.strategy - INFO - Task app.tasks.meeting_tasks.check_stuck_meetings[5da9ed12-7677-44f7-8ff7-40ebab10ec61] received
2026-02-08 21:30:58,415 - celery.worker.strategy - INFO - Task app.tasks.meeting_tasks.check_and_finalize_completed_meetings[bb234466-4dce-4a7b-a049-42c95642e3d8] received
2026-02-08 21:30:58,449 - celery.worker.strategy - INFO - Task app.tasks.meeting_tasks.run_check_system_health[f9e4f1fd-d222-4b5a-8477-11f4f4dd8e34] received
2026-02-08 21:31:08,602 - celery.worker.strategy - INFO - Task app.tasks.meeting_tasks.check_stuck_meetings[2af51c09-f72e-4be3-b131-9a372cb0de80] received
2026-02-08 21:35:58,469 - celery.worker.strategy - INFO - Task app.tasks.meeting_tasks.check_stuck_meetings[51d4cec8-8c21-46cd-bdba-86138c036ef7] received
2026-02-08 21:40:58,422 - celery.worker.strategy - INFO - Task app.tasks.meeting_tasks.check_and_finalize_completed_meetings[2951070e-4811-4965-9060-a02c4759331d] received
2026-02-08 21:40:58,449 - celery.worker.strategy - INFO - Task app.tasks.meeting_tasks.run_check_system_health[37ae73ff-4203-43c2-9c57-fa59768cef6e] received
2026-02-08 21:41:08,660 - celery.worker.strategy - INFO - Task app.tasks.meeting_tasks.check_stuck_meetings[93a62269-a7bf-41d8-b3b6-eb612c92fe5a] received
2026-02-08 21:45:58,471 - celery.worker.strategy - INFO - Task app.tasks.meeting_tasks.check_stuck_meetings[14430d20-d9a0-4bf7-b893-7e4168011655] received
2026-02-08 21:50:58,426 - celery.worker.strategy - INFO - Task app.tasks.meeting_tasks.check_and_finalize_completed_meetings[6c814de1-f34d-40ce-9ffa-618562d39eab] received
2026-02-08 21:50:58,450 - celery.worker.strategy - INFO - Task app.tasks.meeting_tasks.run_check_system_health[4ccf078f-8151-4354-9a2c-5b7db68f6867] received
2026-02-08 21:51:08,604 - celery.worker.strategy - INFO - Task app.tasks.meeting_tasks.check_stuck_meetings[ddf726d5-6c53-4734-88b9-03a127551f07] received
2026-02-08 21:55:58,486 - celery.worker.strategy - INFO - Task app.tasks.meeting_tasks.check_stuck_meetings[46bbb50b-adf7-4a2d-802e-a2616527757e] received
2026-02-08 22:00:58,432 - celery.worker.strategy - INFO - Task app.tasks.meeting_tasks.check_and_finalize_completed_meetings[974a06ad-48de-4047-9b50-99439f1cb090] received
2026-02-08 22:00:58,449 - celery.worker.strategy - INFO - Task app.tasks.meeting_tasks.run_check_system_health[1ae3cb0b-5e77-4153-ba46-12f695ceb874] received
2026-02-08 22:01:08,649 - celery.worker.strategy - INFO - Task app.tasks.meeting_tasks.check_stuck_meetings[61a0553c-efae-4bb7-b3fc-9817a7a0c9e9] received
2026-02-08 22:05:58,489 - celery.worker.strategy - INFO - Task app.tasks.meeting_tasks.check_stuck_meetings[f6413cca-4b5d-4fc9-a285-3748ee94ceda] received
2026-02-08 22:10:58,438 - celery.worker.strategy - INFO - Task app.tasks.meeting_tasks.check_and_finalize_completed_meetings[a248ef5a-330d-43de-bc44-2eb09740bf4c] received
2026-02-08 22:10:58,450 - celery.worker.strategy - INFO - Task app.tasks.meeting_tasks.run_check_system_health[66b77d88-7ba0-4151-9bea-02d274782a87] received
2026-02-08 22:11:08,680 - celery.worker.strategy - INFO - Task app.tasks.meeting_tasks.check_stuck_meetings[d9bf6327-0ebb-4ebb-8aee-42002957aa52] received
2026-02-08 22:15:58,495 - celery.worker.strategy - INFO - Task app.tasks.meeting_tasks.check_stuck_meetings[08b623c4-c1c0-4fe5-9dee-bef6d3d31e09] received
2026-02-08 22:20:58,442 - celery.worker.strategy - INFO - Task app.tasks.meeting_tasks.check_and_finalize_completed_meetings[a2ec8554-b251-4566-bd09-42c02fd70ae0] received
2026-02-08 22:20:58,451 - celery.worker.strategy - INFO - Task app.tasks.meeting_tasks.run_check_system_health[487406b8-02b9-4626-9d40-909f9e696942] received
2026-02-08 22:21:08,620 - celery.worker.strategy - INFO - Task app.tasks.meeting_tasks.check_stuck_meetings[8b646e52-0712-4a13-9682-d3e5f1ecd582] received
2026-02-08 22:25:58,500 - celery.worker.strategy - INFO - Task app.tasks.meeting_tasks.check_stuck_meetings[7cd3e9ba-1581-4fa9-bef8-d05bd963f7d0] received
2026-02-08 22:30:58,445 - celery.worker.strategy - INFO - Task app.tasks.meeting_tasks.check_and_finalize_completed_meetings[818fc137-8336-40f9-b616-9884950736b5] received
2026-02-08 22:30:58,453 - celery.worker.strategy - INFO - Task app.tasks.meeting_tasks.run_check_system_health[f85a0e8b-f1c2-43cb-8142-f9b8987db3b9] received
2026-02-08 22:31:08,638 - celery.worker.strategy - INFO - Task app.tasks.meeting_tasks.check_stuck_meetings[a4e3cf9f-5161-4f65-828b-65767862c949] received
2026-02-08 22:35:58,501 - celery.worker.strategy - INFO - Task app.tasks.meeting_tasks.check_stuck_meetings[72ed0e7c-9cde-4ea2-bbeb-61bd3111e573] received
2026-02-08 22:40:58,446 - celery.worker.strategy - INFO - Task app.tasks.meeting_tasks.check_and_finalize_completed_meetings[2badf02b-5b2e-42ed-9ec8-5c161aa09191] received
2026-02-08 22:40:58,454 - celery.worker.strategy - INFO - Task app.tasks.meeting_tasks.run_check_system_health[397d265d-97da-456c-a62b-b03c7b749a65] received
2026-02-08 22:41:08,633 - celery.worker.strategy - INFO - Task app.tasks.meeting_tasks.check_stuck_meetings[eccab680-3cd3-4074-a7a7-3b440676569f] received
2026-02-08 22:45:58,521 - celery.worker.strategy - INFO - Task app.tasks.meeting_tasks.check_stuck_meetings[8096a083-a241-4801-a51a-1a626df2e6f2] received
2026-02-08 22:50:58,458 - celery.worker.strategy - INFO - Task app.tasks.meeting_tasks.check_and_finalize_completed_meetings[0983baa3-d352-4bb9-9c7f-6599a7ed60a2] received
2026-02-08 22:50:58,466 - celery.worker.strategy - INFO - Task app.tasks.meeting_tasks.run_check_system_health[835b4fa1-089a-44bf-b311-d651dcd38e9d] received
2026-02-08 22:51:08,655 - celery.worker.strategy - INFO - Task app.tasks.meeting_tasks.check_stuck_meetings[f0bf02c1-aa58-4f90-bab3-b28dbb3b0911] received
2026-02-08 22:55:58,524 - celery.worker.strategy - INFO - Task app.tasks.meeting_tasks.check_stuck_meetings[0c40ef95-4fc0-456a-8372-24444ea5c1c3] received
2026-02-08 23:00:58,465 - celery.worker.strategy - INFO - Task app.tasks.meeting_tasks.check_and_finalize_completed_meetings[3751bb48-cf86-41cd-b673-f64345b92811] received
2026-02-08 23:00:58,473 - celery.worker.strategy - INFO - Task app.tasks.meeting_tasks.run_check_system_health[fef518f5-056d-4056-9274-13da7f117a0b] received
2026-02-08 23:01:08,702 - celery.worker.strategy - INFO - Task app.tasks.meeting_tasks.check_stuck_meetings[1aed0c16-35ef-4b64-8446-5719ba72d20d] received
2026-02-08 23:05:58,532 - celery.worker.strategy - INFO - Task app.tasks.meeting_tasks.check_stuck_meetings[1b902df1-d76c-424f-8860-db63eb489f87] received
2026-02-08 23:10:58,469 - celery.worker.strategy - INFO - Task app.tasks.meeting_tasks.check_and_finalize_completed_meetings[d51f953e-eb24-477e-9f71-8f1fb2d75f4e] received
2026-02-08 23:10:58,477 - celery.worker.strategy - INFO - Task app.tasks.meeting_tasks.run_check_system_health[b73a149d-d208-4512-a23e-1fe7f497a422] received
2026-02-08 23:11:08,670 - celery.worker.strategy - INFO - Task app.tasks.meeting_tasks.check_stuck_meetings[65566eac-2a96-4b4f-9f06-b0177b32b1a6] received
2026-02-08 23:15:58,533 - celery.worker.strategy - INFO - Task app.tasks.meeting_tasks.check_stuck_meetings[c09199c5-93fd-4519-a610-3a3e920daaf2] received
2026-02-08 23:20:58,477 - celery.worker.strategy - INFO - Task app.tasks.meeting_tasks.check_and_finalize_completed_meetings[8389fd88-dd52-4e59-8e17-fe07d390f7bb] received
2026-02-08 23:20:58,485 - celery.worker.strategy - INFO - Task app.tasks.meeting_tasks.run_check_system_health[53754c1d-94ae-4227-ac85-5115b4c74288] received
2026-02-08 23:21:08,728 - celery.worker.strategy - INFO - Task app.tasks.meeting_tasks.check_stuck_meetings[b4d5cf24-85db-4176-b54e-628f97a26062] received
2026-02-08 23:25:58,539 - celery.worker.strategy - INFO - Task app.tasks.meeting_tasks.check_stuck_meetings[029d3493-c892-4ef6-a72c-e7826c2dedcf] received
2026-02-08 23:30:58,479 - celery.worker.strategy - INFO - Task app.tasks.meeting_tasks.check_and_finalize_completed_meetings[2739874b-2105-4daa-85ab-a423c05b7c83] received
2026-02-08 23:30:58,486 - celery.worker.strategy - INFO - Task app.tasks.meeting_tasks.run_check_system_health[c918404f-81ae-44e4-8648-421305649db0] received
2026-02-08 23:31:08,667 - celery.worker.strategy - INFO - Task app.tasks.meeting_tasks.check_stuck_meetings[0b71fa16-2fd2-4e15-bc54-86de4fedece3] received
2026-02-08 23:35:58,545 - celery.worker.strategy - INFO - Task app.tasks.meeting_tasks.check_stuck_meetings[f429975e-cab0-4bb1-b5b1-c604380bb6d3] received
2026-02-08 23:40:58,485 - celery.worker.strategy - INFO - Task app.tasks.meeting_tasks.check_and_finalize_completed_meetings[de8ecd9d-80a9-4c99-8200-f7d936ca8913] received
2026-02-08 23:40:58,494 - celery.worker.strategy - INFO - Task app.tasks.meeting_tasks.run_check_system_health[2fde08a2-fd3e-461a-b873-32bac4564fe9] received
2026-02-08 23:41:08,713 - celery.worker.strategy - INFO - Task app.tasks.meeting_tasks.check_stuck_meetings[60066888-a4b4-454e-9909-1c926190de16] received
2026-02-08 23:45:58,552 - celery.worker.strategy - INFO - Task app.tasks.meeting_tasks.check_stuck_meetings[3a08183f-5e72-457b-acca-8ed3f5646473] received
2026-02-08 23:50:58,491 - celery.worker.strategy - INFO - Task app.tasks.meeting_tasks.check_and_finalize_completed_meetings[ecdae25d-75e7-4d20-a6f1-60f7a7947a27] received
2026-02-08 23:50:58,499 - celery.worker.strategy - INFO - Task app.tasks.meeting_tasks.run_check_system_health[71ac1a17-1fa0-4d15-81e4-6a12eada886a] received
2026-02-08 23:51:08,737 - celery.worker.strategy - INFO - Task app.tasks.meeting_tasks.check_stuck_meetings[13d2d7ab-bced-4929-9be7-46daef01c6e4] received
2026-02-08 23:55:58,563 - celery.worker.strategy - INFO - Task app.tasks.meeting_tasks.check_stuck_meetings[8152fba4-81b3-4180-bf6c-9817f5076c1a] received
2026-02-09 00:00:58,497 - celery.worker.strategy - INFO - Task app.tasks.meeting_tasks.check_and_finalize_completed_meetings[cf441b32-238e-4c5e-be3c-df50cd80a29e] received
2026-02-09 00:00:58,505 - celery.worker.strategy - INFO - Task app.tasks.meeting_tasks.run_check_system_health[512eee42-6d82-44a5-87f6-f50071defb22] received
2026-02-09 00:01:08,690 - celery.worker.strategy - INFO - Task app.tasks.meeting_tasks.check_stuck_meetings[62c84ec8-87bb-4843-b8e5-1a992f766750] received
2026-02-09 00:05:58,568 - celery.worker.strategy - INFO - Task app.tasks.meeting_tasks.check_stuck_meetings[5426ac58-a189-4264-ad4f-337f8837b383] received
2026-02-09 00:10:58,506 - celery.worker.strategy - INFO - Task app.tasks.meeting_tasks.check_and_finalize_completed_meetings[2225f1d7-ebc6-417c-99fb-8da676163871] received
2026-02-09 00:10:58,514 - celery.worker.strategy - INFO - Task app.tasks.meeting_tasks.run_check_system_health[2e833a56-49aa-4425-a85b-7dd2f861c662] received
2026-02-09 00:11:08,746 - celery.worker.strategy - INFO - Task app.tasks.meeting_tasks.check_stuck_meetings[22fa741d-a8ed-4778-9e0c-90cbf42e8bf2] received
2026-02-09 00:15:58,575 - celery.worker.strategy - INFO - Task app.tasks.meeting_tasks.check_stuck_meetings[297f9c39-ee4a-438d-9090-9a571f5b54c4] received
2026-02-09 00:20:58,511 - celery.worker.strategy - INFO - Task app.tasks.meeting_tasks.check_and_finalize_completed_meetings[1aca7c8f-f750-41b3-a03d-cd52da0b9ae5] received
2026-02-09 00:20:58,519 - celery.worker.strategy - INFO - Task app.tasks.meeting_tasks.run_check_system_health[6f684392-3472-4df4-8315-f0c73e2431fb] received
2026-02-09 00:21:08,712 - celery.worker.strategy - INFO - Task app.tasks.meeting_tasks.check_stuck_meetings[460f69da-2119-4eea-b063-13b3c38c5de0] received
2026-02-09 00:25:58,581 - celery.worker.strategy - INFO - Task app.tasks.meeting_tasks.check_stuck_meetings[d365f247-ddd9-4887-a816-ba764d592f4e] received
2026-02-09 00:30:58,519 - celery.worker.strategy - INFO - Task app.tasks.meeting_tasks.check_and_finalize_completed_meetings[edcbd4d9-57c6-4444-94a1-fea41741a9f7] received
2026-02-09 00:30:58,527 - celery.worker.strategy - INFO - Task app.tasks.meeting_tasks.run_check_system_health[b821a34a-7206-4a87-a83b-b4a2b8bee482] received
2026-02-09 00:31:08,692 - celery.worker.strategy - INFO - Task app.tasks.meeting_tasks.check_stuck_meetings[e37559e9-ee41-49df-ad8c-2e1cb1f0e769] received
2026-02-09 00:35:58,585 - celery.worker.strategy - INFO - Task app.tasks.meeting_tasks.check_stuck_meetings[9633383d-63ce-49eb-b976-a7594b0893cc] received
2026-02-09 00:40:58,519 - celery.worker.strategy - INFO - Task app.tasks.meeting_tasks.check_and_finalize_completed_meetings[04a6f842-0989-45ca-876b-332e0a693c7c] received
2026-02-09 00:40:58,527 - celery.worker.strategy - INFO - Task app.tasks.meeting_tasks.run_check_system_health[1320c41b-9268-4e2f-92bd-5c94294fe527] received
2026-02-09 00:41:08,716 - celery.worker.strategy - INFO - Task app.tasks.meeting_tasks.check_stuck_meetings[2cee2a5f-c5a9-4997-bfb2-bc484f889544] received
2026-02-09 00:45:58,603 - celery.worker.strategy - INFO - Task app.tasks.meeting_tasks.check_stuck_meetings[3583b65b-42dc-4d8b-90a4-bdb3be4a5e2a] received
2026-02-09 00:50:58,528 - celery.worker.strategy - INFO - Task app.tasks.meeting_tasks.check_and_finalize_completed_meetings[a225ad86-fa99-4273-b1cf-40fc2fb95240] received
2026-02-09 00:50:58,536 - celery.worker.strategy - INFO - Task app.tasks.meeting_tasks.run_check_system_health[62391a8e-d25e-4c72-b7d0-662a26514bf7] received
2026-02-09 00:51:08,745 - celery.worker.strategy - INFO - Task app.tasks.meeting_tasks.check_stuck_meetings[cf3d4693-7290-4677-8497-c903730ff921] received
2026-02-09 00:55:58,608 - celery.worker.strategy - INFO - Task app.tasks.meeting_tasks.check_stuck_meetings[67b2600c-c90d-4d26-b243-1abeab8b93b1] received
2026-02-09 01:00:58,535 - celery.worker.strategy - INFO - Task app.tasks.meeting_tasks.check_and_finalize_completed_meetings[cc29e1b6-3ce0-439b-86d9-47c95e897721] received
2026-02-09 01:00:58,543 - celery.worker.strategy - INFO - Task app.tasks.meeting_tasks.run_check_system_health[2e5e9c09-b90e-49a5-b1cf-31cfd660a7fc] received
2026-02-09 01:01:08,771 - celery.worker.strategy - INFO - Task app.tasks.meeting_tasks.check_stuck_meetings[174b61a6-104c-46be-8ece-981306025094] received
2026-02-09 01:05:58,614 - celery.worker.strategy - INFO - Task app.tasks.meeting_tasks.check_stuck_meetings[09bc424b-6ff1-4b56-99b0-c5e7668b962e] received
2026-02-09 01:10:58,537 - celery.worker.strategy - INFO - Task app.tasks.meeting_tasks.check_and_finalize_completed_meetings[3f08c154-c45d-461c-87cb-185d0e1bac10] received
2026-02-09 01:10:58,545 - celery.worker.strategy - INFO - Task app.tasks.meeting_tasks.run_check_system_health[f351bbae-a573-4cb0-9af7-4c9faba3e89d] received
2026-02-09 01:11:08,797 - celery.worker.strategy - INFO - Task app.tasks.meeting_tasks.check_stuck_meetings[1e53dcf7-6240-4170-8d6b-e65bc006fc9f] received
2026-02-09 01:15:58,615 - celery.worker.strategy - INFO - Task app.tasks.meeting_tasks.check_stuck_meetings[a9a788f8-e4b8-49b9-be88-d77b378e6800] received
2026-02-09 01:20:58,544 - celery.worker.strategy - INFO - Task app.tasks.meeting_tasks.check_and_finalize_completed_meetings[b593e5fc-32d8-4bbf-9def-8ffc97aa8013] received
2026-02-09 01:20:58,551 - celery.worker.strategy - INFO - Task app.tasks.meeting_tasks.run_check_system_health[6200d9ef-a530-4a5b-87d8-5ea2b4cf08c3] received
2026-02-09 01:21:08,702 - celery.worker.strategy - INFO - Task app.tasks.meeting_tasks.check_stuck_meetings[b096a2fa-24dd-41b3-ac65-0a9827a85200] received
2026-02-09 01:25:58,619 - celery.worker.strategy - INFO - Task app.tasks.meeting_tasks.check_stuck_meetings[5b5c5bf0-f4e5-4645-8781-53edd5a6e79c] received
2026-02-09 01:30:58,545 - celery.worker.strategy - INFO - Task app.tasks.meeting_tasks.check_and_finalize_completed_meetings[aa832800-0af6-40da-8c3a-034bd5b95d5a] received
2026-02-09 01:30:58,552 - celery.worker.strategy - INFO - Task app.tasks.meeting_tasks.run_check_system_health[8646e53e-5a7d-4f64-9d79-fd1141a429a0] received
2026-02-09 01:31:08,741 - celery.worker.strategy - INFO - Task app.tasks.meeting_tasks.check_stuck_meetings[132dd3ff-e0f6-4fed-8148-d84d66ac727c] received
2026-02-09 01:35:58,627 - celery.worker.strategy - INFO - Task app.tasks.meeting_tasks.check_stuck_meetings[486d55ed-0ac5-4369-9e4c-e809204b96a8] received
2026-02-09 01:40:58,551 - celery.worker.strategy - INFO - Task app.tasks.meeting_tasks.check_and_finalize_completed_meetings[a13a6d4d-b050-4082-ab53-c1db90002cca] received
2026-02-09 01:40:58,559 - celery.worker.strategy - INFO - Task app.tasks.meeting_tasks.run_check_system_health[fde6e7a7-0a02-4572-97c8-245d0ab6965b] received
2026-02-09 01:41:08,765 - celery.worker.strategy - INFO - Task app.tasks.meeting_tasks.check_stuck_meetings[c1bb25bb-b197-4f84-bea9-41eb69220a58] received
2026-02-09 01:45:58,631 - celery.worker.strategy - INFO - Task app.tasks.meeting_tasks.check_stuck_meetings[289860fc-8ad8-4f16-96fa-92f0a54046db] received
2026-02-09 01:50:58,560 - celery.worker.strategy - INFO - Task app.tasks.meeting_tasks.check_and_finalize_completed_meetings[28431c2c-f1fe-47d1-b5eb-f498e24440ea] received
2026-02-09 01:50:58,568 - celery.worker.strategy - INFO - Task app.tasks.meeting_tasks.run_check_system_health[e7b9e3cb-e793-49f9-9fe9-db45a650df0a] received
2026-02-09 01:51:08,801 - celery.worker.strategy - INFO - Task app.tasks.meeting_tasks.check_stuck_meetings[e1c56c76-0682-4355-8ae3-baf20efe225d] received
2026-02-09 01:55:58,647 - celery.worker.strategy - INFO - Task app.tasks.meeting_tasks.check_stuck_meetings[a65d4df1-fd2e-4b59-bdcd-783747a56a3c] received
2026-02-09 02:00:58,567 - celery.worker.strategy - INFO - Task app.tasks.meeting_tasks.check_and_finalize_completed_meetings[eb4f446b-30c5-4f0a-bd7c-ee4e662ea08f] received
2026-02-09 02:00:58,574 - celery.worker.strategy - INFO - Task app.tasks.meeting_tasks.run_check_system_health[9febab2f-2900-4b82-95d1-8e47c8728b3b] received
2026-02-09 02:01:08,748 - celery.worker.strategy - INFO - Task app.tasks.meeting_tasks.check_stuck_meetings[e31cc3aa-effb-48d4-a7df-3b67bfd88bab] received
2026-02-09 02:05:58,652 - celery.worker.strategy - INFO - Task app.tasks.meeting_tasks.check_stuck_meetings[2f7ca1b7-b794-4339-acae-7611ebfe6d84] received
2026-02-09 02:10:58,574 - celery.worker.strategy - INFO - Task app.tasks.meeting_tasks.check_and_finalize_completed_meetings[38f9f859-951a-48f3-b664-b94221a045c0] received
2026-02-09 02:10:58,582 - celery.worker.strategy - INFO - Task app.tasks.meeting_tasks.run_check_system_health[8b1fddcb-4cd8-4799-9c8f-1731094f8e2f] received
2026-02-09 02:11:08,786 - celery.worker.strategy - INFO - Task app.tasks.meeting_tasks.check_stuck_meetings[f2496d2d-f43c-480f-8c5b-4d43ce4d8c16] received
2026-02-09 02:15:58,659 - celery.worker.strategy - INFO - Task app.tasks.meeting_tasks.check_stuck_meetings[eb529d4a-5aa9-492a-8aaf-814ebc2774a1] received
2026-02-09 02:20:58,578 - celery.worker.strategy - INFO - Task app.tasks.meeting_tasks.check_and_finalize_completed_meetings[057bfcc6-712a-438d-9b6d-3d717ff65d02] received
2026-02-09 02:20:58,586 - celery.worker.strategy - INFO - Task app.tasks.meeting_tasks.run_check_system_health[d6cc3fe1-f6b3-47d8-9129-4426af7a18bf] received
2026-02-09 02:21:08,808 - celery.worker.strategy - INFO - Task app.tasks.meeting_tasks.check_stuck_meetings[e2c840ec-8a06-444d-a86f-7143417e4728] received
2026-02-09 02:25:58,665 - celery.worker.strategy - INFO - Task app.tasks.meeting_tasks.check_stuck_meetings[278b2575-d6a2-4ebe-9bd1-253426a98e4e] received
2026-02-09 02:30:58,585 - celery.worker.strategy - INFO - Task app.tasks.meeting_tasks.check_and_finalize_completed_meetings[2191de18-9174-4f75-b031-782095a35efb] received
2026-02-09 02:30:58,593 - celery.worker.strategy - INFO - Task app.tasks.meeting_tasks.run_check_system_health[6e2519d2-290e-4e7a-91a7-6f095a042e68] received
2026-02-09 02:31:08,765 - celery.worker.strategy - INFO - Task app.tasks.meeting_tasks.check_stuck_meetings[132f1344-9d2e-44bc-875a-76e3d2335bee] received
2026-02-09 02:35:58,672 - celery.worker.strategy - INFO - Task app.tasks.meeting_tasks.check_stuck_meetings[80a10ac8-703a-4400-85f2-eb7b9857f76c] received
2026-02-09 02:40:58,588 - celery.worker.strategy - INFO - Task app.tasks.meeting_tasks.check_and_finalize_completed_meetings[bc3e7eb5-e7cd-4cc9-bb05-93c5716cf98f] received
2026-02-09 02:40:58,595 - celery.worker.strategy - INFO - Task app.tasks.meeting_tasks.run_check_system_health[75af4ebc-cfae-4637-a1ab-6d0da8c6f92d] received
2026-02-09 02:41:08,805 - celery.worker.strategy - INFO - Task app.tasks.meeting_tasks.check_stuck_meetings[168be82b-6cb4-45a6-962b-942d547b6155] received
2026-02-09 02:45:58,683 - celery.worker.strategy - INFO - Task app.tasks.meeting_tasks.check_stuck_meetings[ee691ce2-0203-4a46-8259-8d92004e9f5c] received
2026-02-09 02:50:58,593 - celery.worker.strategy - INFO - Task app.tasks.meeting_tasks.check_and_finalize_completed_meetings[f33a2323-1866-4c27-b528-c3dcf37ac9f7] received
2026-02-09 02:50:58,601 - celery.worker.strategy - INFO - Task app.tasks.meeting_tasks.run_check_system_health[02515d12-a734-457e-b217-75a8113a29f1] received
2026-02-09 02:51:08,854 - celery.worker.strategy - INFO - Task app.tasks.meeting_tasks.check_stuck_meetings[fa4daaa0-440b-48be-a373-6c1306b9a6a2] received
2026-02-09 02:55:58,687 - celery.worker.strategy - INFO - Task app.tasks.meeting_tasks.check_stuck_meetings[e5f35f94-96db-4e8d-9d9f-e51f5cf7b15a] received
2026-02-09 03:00:58,601 - celery.worker.strategy - INFO - Task app.tasks.meeting_tasks.check_and_finalize_completed_meetings[1958eb4f-deb8-4cd0-a1a6-fc9e0a132d5e] received
2026-02-09 03:00:58,609 - celery.worker.strategy - INFO - Task app.tasks.meeting_tasks.run_check_system_health[87f425dd-8802-40fb-bf00-ee06262e4499] received
2026-02-09 03:01:08,789 - celery.worker.strategy - INFO - Task app.tasks.meeting_tasks.check_stuck_meetings[4740e35e-cff9-4782-a794-b46cbfb00605] received
2026-02-09 03:05:58,691 - celery.worker.strategy - INFO - Task app.tasks.meeting_tasks.check_stuck_meetings[72339ef0-b7f8-45d8-ab4c-cd9604882d9b] received
2026-02-09 03:10:58,605 - celery.worker.strategy - INFO - Task app.tasks.meeting_tasks.check_and_finalize_completed_meetings[a61e3b8b-b1dc-4abb-ae97-87a0bf9dd74f] received
2026-02-09 03:10:58,613 - celery.worker.strategy - INFO - Task app.tasks.meeting_tasks.run_check_system_health[a02b8732-d549-4b15-abc8-9e298133fd92] received
2026-02-09 03:11:08,810 - celery.worker.strategy - INFO - Task app.tasks.meeting_tasks.check_stuck_meetings[c74e9f66-14f7-4fe2-b361-a888a4e39609] received
2026-02-09 03:15:58,692 - celery.worker.strategy - INFO - Task app.tasks.meeting_tasks.check_stuck_meetings[e743b2c6-55c2-43b4-9de2-8c6aef7cd26b] received
2026-02-09 03:20:58,612 - celery.worker.strategy - INFO - Task app.tasks.meeting_tasks.check_and_finalize_completed_meetings[5c448350-662d-441a-bade-7ea7c7c3cb8d] received
2026-02-09 03:20:58,619 - celery.worker.strategy - INFO - Task app.tasks.meeting_tasks.run_check_system_health[5308aac8-912e-4867-8521-8c5e6a909642] received
2026-02-09 03:21:08,849 - celery.worker.strategy - INFO - Task app.tasks.meeting_tasks.check_stuck_meetings[496fb95c-6f63-40cc-b67f-c0365215e2ff] received
2026-02-09 03:25:58,697 - celery.worker.strategy - INFO - Task app.tasks.meeting_tasks.check_stuck_meetings[2440f2bd-a97d-4078-82ba-d95185712876] received
2026-02-09 03:30:58,614 - celery.worker.strategy - INFO - Task app.tasks.meeting_tasks.check_and_finalize_completed_meetings[4448e8c5-69dd-4da5-8513-696a0f77747f] received
2026-02-09 03:30:58,622 - celery.worker.strategy - INFO - Task app.tasks.meeting_tasks.run_check_system_health[351973c8-da07-4e4a-9a62-b7f6c81c258e] received
2026-02-09 03:31:08,893 - celery.worker.strategy - INFO - Task app.tasks.meeting_tasks.check_stuck_meetings[5b5588e7-932c-4ce5-86d1-4ad3eadf3f05] received
2026-02-09 03:35:58,705 - celery.worker.strategy - INFO - Task app.tasks.meeting_tasks.check_stuck_meetings[e8b35113-499c-457f-940b-a5896408f9f8] received
2026-02-09 03:40:58,621 - celery.worker.strategy - INFO - Task app.tasks.meeting_tasks.check_and_finalize_completed_meetings[acca783a-01df-491d-acf6-ffdcf90eebba] received
2026-02-09 03:40:58,629 - celery.worker.strategy - INFO - Task app.tasks.meeting_tasks.run_check_system_health[0cae8549-4e36-40a9-adde-c821771813b3] received
2026-02-09 03:41:08,813 - celery.worker.strategy - INFO - Task app.tasks.meeting_tasks.check_stuck_meetings[d3ca1189-882e-4d9e-8d67-894a8ef7b082] received
2026-02-09 03:45:58,711 - celery.worker.strategy - INFO - Task app.tasks.meeting_tasks.check_stuck_meetings[2241d4e2-1ee2-40fc-bc57-d587a5632c05] received
2026-02-09 03:50:58,628 - celery.worker.strategy - INFO - Task app.tasks.meeting_tasks.check_and_finalize_completed_meetings[6590bc93-b519-4469-84ee-8905a483f4b1] received
2026-02-09 03:50:58,636 - celery.worker.strategy - INFO - Task app.tasks.meeting_tasks.run_check_system_health[0b9710ca-0576-4be4-8878-95bb0854a1bf] received
2026-02-09 03:51:08,847 - celery.worker.strategy - INFO - Task app.tasks.meeting_tasks.check_stuck_meetings[b81c5245-d761-4f60-bf01-cbaa11fbabc4] received
2026-02-09 03:55:58,725 - celery.worker.strategy - INFO - Task app.tasks.meeting_tasks.check_stuck_meetings[3b09c17d-5e9b-4b21-8110-a7e7a478ce37] received
2026-02-09 04:00:58,635 - celery.worker.strategy - INFO - Task app.tasks.meeting_tasks.check_and_finalize_completed_meetings[1e24970e-fd7e-4e63-abe9-ee0e54ee4d5c] received
2026-02-09 04:00:58,643 - celery.worker.strategy - INFO - Task app.tasks.meeting_tasks.run_check_system_health[d8a7a779-1bee-455c-ba30-87356cfcf31f] received
2026-02-09 04:01:08,889 - celery.worker.strategy - INFO - Task app.tasks.meeting_tasks.check_stuck_meetings[bca157cb-e3e2-488c-be6c-abcfbffde478] received
2026-02-09 04:05:58,728 - celery.worker.strategy - INFO - Task app.tasks.meeting_tasks.check_stuck_meetings[0ffc44a2-73ba-4aeb-82de-715b4e5e35d8] received
2026-02-09 04:10:58,643 - celery.worker.strategy - INFO - Task app.tasks.meeting_tasks.check_and_finalize_completed_meetings[92adee29-9fde-4cc3-bd94-e447183acdc1] received
2026-02-09 04:10:58,650 - celery.worker.strategy - INFO - Task app.tasks.meeting_tasks.run_check_system_health[d74a1857-2364-4176-8778-580ab53ebf97] received
2026-02-09 04:11:08,835 - celery.worker.strategy - INFO - Task app.tasks.meeting_tasks.check_stuck_meetings[36ff2eab-d706-42dc-916a-3e5937ff0254] received
2026-02-09 04:15:58,736 - celery.worker.strategy - INFO - Task app.tasks.meeting_tasks.check_stuck_meetings[d59b7ae1-f4fb-4fc1-89d9-a9e7b1be5cff] received
2026-02-09 04:20:58,648 - celery.worker.strategy - INFO - Task app.tasks.meeting_tasks.check_and_finalize_completed_meetings[1229b9ea-865e-4ba1-8286-3fe4c16fe1cf] received
2026-02-09 04:20:58,656 - celery.worker.strategy - INFO - Task app.tasks.meeting_tasks.run_check_system_health[81502232-e9aa-40c7-8f54-8b7e534a07c2] received
2026-02-09 04:21:08,868 - celery.worker.strategy - INFO - Task app.tasks.meeting_tasks.check_stuck_meetings[6a083695-b7ea-4b9d-892c-b37b5cfba87d] received
2026-02-09 04:25:58,743 - celery.worker.strategy - INFO - Task app.tasks.meeting_tasks.check_stuck_meetings[e48f406b-fa15-48d0-ba4f-1e0661c9c817] received
2026-02-09 04:30:58,654 - celery.worker.strategy - INFO - Task app.tasks.meeting_tasks.check_and_finalize_completed_meetings[e2e5835f-da96-4a1c-8edc-15f4e5fb9366] received
2026-02-09 04:30:58,661 - celery.worker.strategy - INFO - Task app.tasks.meeting_tasks.run_check_system_health[b9fe07f3-7973-4265-b51f-e753f2e03947] received
2026-02-09 04:31:08,905 - celery.worker.strategy - INFO - Task app.tasks.meeting_tasks.check_stuck_meetings[dd2f1f0c-ab30-44da-b2b3-96ebef8e418c] received
2026-02-09 04:35:58,748 - celery.worker.strategy - INFO - Task app.tasks.meeting_tasks.check_stuck_meetings[a639d502-63e8-48fa-a04b-f1d1f108c3c0] received
2026-02-09 04:40:58,660 - celery.worker.strategy - INFO - Task app.tasks.meeting_tasks.check_and_finalize_completed_meetings[a3677119-cc4a-459a-a09d-c964fc7a83aa] received
2026-02-09 04:40:58,668 - celery.worker.strategy - INFO - Task app.tasks.meeting_tasks.run_check_system_health[64cdb757-9999-4fc6-a4b5-1251ed0a0436] received
2026-02-09 04:41:08,847 - celery.worker.strategy - INFO - Task app.tasks.meeting_tasks.check_stuck_meetings[181e62aa-ae5b-47aa-bde9-d36a85210d19] received
2026-02-09 04:45:58,762 - celery.worker.strategy - INFO - Task app.tasks.meeting_tasks.check_stuck_meetings[73a7bb83-abba-4f83-88a6-c018eeccdaf6] received
2026-02-09 04:50:58,667 - celery.worker.strategy - INFO - Task app.tasks.meeting_tasks.check_and_finalize_completed_meetings[5f855254-e390-4348-8415-cb00aaa898e5] received
2026-02-09 04:50:58,675 - celery.worker.strategy - INFO - Task app.tasks.meeting_tasks.run_check_system_health[d7241956-17fb-4e80-8ea3-2a45a0f71807] received
2026-02-09 04:51:08,897 - celery.worker.strategy - INFO - Task app.tasks.meeting_tasks.check_stuck_meetings[eebed316-2cf7-48a2-b452-544949733467] received
2026-02-09 04:55:58,769 - celery.worker.strategy - INFO - Task app.tasks.meeting_tasks.check_stuck_meetings[13182ce5-b840-4a52-bd91-eecf1e96b103] received
2026-02-09 05:00:58,670 - celery.worker.strategy - INFO - Task app.tasks.meeting_tasks.check_and_finalize_completed_meetings[1cb85edc-7cb6-4e4d-8e15-233cff3ed861] received
2026-02-09 05:00:58,677 - celery.worker.strategy - INFO - Task app.tasks.meeting_tasks.run_check_system_health[b87d20fa-24fc-4e9f-af1f-aebe96ec08a3] received
2026-02-09 05:01:08,888 - celery.worker.strategy - INFO - Task app.tasks.meeting_tasks.check_stuck_meetings[233012d7-6d00-454e-a29f-86d0c26c146c] received
2026-02-09 05:05:58,774 - celery.worker.strategy - INFO - Task app.tasks.meeting_tasks.check_stuck_meetings[a9d313f2-6c69-4c07-ba82-fb455af01eed] received
2026-02-09 05:10:58,673 - celery.worker.strategy - INFO - Task app.tasks.meeting_tasks.check_and_finalize_completed_meetings[2ddcb0da-9d26-427a-afbe-9b9c8ce28e4e] received
2026-02-09 05:10:58,681 - celery.worker.strategy - INFO - Task app.tasks.meeting_tasks.run_check_system_health[17a9262c-1c30-44ad-9aa4-40c2713fb552] received
2026-02-09 05:11:08,905 - celery.worker.strategy - INFO - Task app.tasks.meeting_tasks.check_stuck_meetings[386169b3-a11f-458a-9b1a-e4ee9be6988b] received
2026-02-09 05:15:58,777 - celery.worker.strategy - INFO - Task app.tasks.meeting_tasks.check_stuck_meetings[0de1ea3a-56d2-4e26-af85-877f1efe9397] received
2026-02-09 05:20:58,680 - celery.worker.strategy - INFO - Task app.tasks.meeting_tasks.check_and_finalize_completed_meetings[220375ff-3136-4b7d-bb3f-e94e05f2e826] received
2026-02-09 05:20:58,688 - celery.worker.strategy - INFO - Task app.tasks.meeting_tasks.run_check_system_health[c9e4ee64-107c-47fe-b5bb-0d16c5dd0d8f] received
2026-02-09 05:21:08,917 - celery.worker.strategy - INFO - Task app.tasks.meeting_tasks.check_stuck_meetings[0ea6a6d0-e719-444d-a6a0-3f4ea4b4c264] received
2026-02-09 05:25:58,785 - celery.worker.strategy - INFO - Task app.tasks.meeting_tasks.check_stuck_meetings[92a6400c-3c4d-4c7f-9e5b-88e0477a6d03] received
2026-02-09 05:30:58,685 - celery.worker.strategy - INFO - Task app.tasks.meeting_tasks.check_and_finalize_completed_meetings[ea139808-db60-4f28-abf7-c164f7a92329] received
2026-02-09 05:30:58,694 - celery.worker.strategy - INFO - Task app.tasks.meeting_tasks.run_check_system_health[2760a01f-4982-4b20-bfe4-2934f4cf5f94] received
2026-02-09 05:31:08,868 - celery.worker.strategy - INFO - Task app.tasks.meeting_tasks.check_stuck_meetings[4f6ea1fe-fe34-4520-a6ca-3dd79250c5e3] received
2026-02-09 05:35:58,793 - celery.worker.strategy - INFO - Task app.tasks.meeting_tasks.check_stuck_meetings[ca3ed08f-96cb-4d07-88af-3e8b4a0b3239] received
2026-02-09 05:40:58,691 - celery.worker.strategy - INFO - Task app.tasks.meeting_tasks.check_and_finalize_completed_meetings[87d87a62-807e-4f28-8935-bba54d3964cf] received
2026-02-09 05:40:58,699 - celery.worker.strategy - INFO - Task app.tasks.meeting_tasks.run_check_system_health[177a6618-9604-4c46-9506-e87719f6a0af] received
2026-02-09 05:41:08,909 - celery.worker.strategy - INFO - Task app.tasks.meeting_tasks.check_stuck_meetings[ba4e277a-22f3-4c76-8fea-7bbe514b8fc5] received
2026-02-09 05:45:58,798 - celery.worker.strategy - INFO - Task app.tasks.meeting_tasks.check_stuck_meetings[a6d6a6f3-3467-4c25-8a67-ee23de92ee0b] received
2026-02-09 05:50:58,704 - celery.worker.strategy - INFO - Task app.tasks.meeting_tasks.check_and_finalize_completed_meetings[0f0a116b-7453-469b-98e1-f7a7e99074ff] received
2026-02-09 05:50:58,713 - celery.worker.strategy - INFO - Task app.tasks.meeting_tasks.run_check_system_health[d2709afc-b608-4054-9684-a4d821a010b7] received
2026-02-09 05:51:08,933 - celery.worker.strategy - INFO - Task app.tasks.meeting_tasks.check_stuck_meetings[a49e4a5a-b782-4201-b71f-57084b78c0c4] received
2026-02-09 05:55:58,815 - celery.worker.strategy - INFO - Task app.tasks.meeting_tasks.check_stuck_meetings[f77cd49f-962a-4069-908d-d3212e81e71c] received
2026-02-09 06:00:58,712 - celery.worker.strategy - INFO - Task app.tasks.meeting_tasks.check_and_finalize_completed_meetings[ed7aad3a-9b5b-40bd-9b25-1203868a3c93] received
2026-02-09 06:00:58,720 - celery.worker.strategy - INFO - Task app.tasks.meeting_tasks.run_check_system_health[ec9a6920-4a54-42b5-af72-fe0bb05ee4e6] received
2026-02-09 06:01:08,888 - celery.worker.strategy - INFO - Task app.tasks.meeting_tasks.check_stuck_meetings[eeb76788-9bf6-4774-886a-e19e856cae46] received
2026-02-09 06:05:58,822 - celery.worker.strategy - INFO - Task app.tasks.meeting_tasks.check_stuck_meetings[6bdd515c-79ca-4147-9a89-795b1e864fd6] received
2026-02-09 06:10:58,720 - celery.worker.strategy - INFO - Task app.tasks.meeting_tasks.check_and_finalize_completed_meetings[d1719640-2eb6-4ab5-b517-a53cb093bcb1] received
2026-02-09 06:10:58,728 - celery.worker.strategy - INFO - Task app.tasks.meeting_tasks.run_check_system_health[c806ff9c-87db-4120-9a04-e57f39d30327] received
2026-02-09 06:11:08,940 - celery.worker.strategy - INFO - Task app.tasks.meeting_tasks.check_stuck_meetings[83c95ec8-ecf8-4ce3-bbca-a04589bd7314] received
2026-02-09 06:15:58,829 - celery.worker.strategy - INFO - Task app.tasks.meeting_tasks.check_stuck_meetings[5365d9a6-a4d3-4e17-9d34-49dd916b7e59] received
2026-02-09 06:20:58,726 - celery.worker.strategy - INFO - Task app.tasks.meeting_tasks.check_and_finalize_completed_meetings[5ea5716a-0bfc-42e2-a96c-4bb9f6993942] received
2026-02-09 06:20:58,734 - celery.worker.strategy - INFO - Task app.tasks.meeting_tasks.run_check_system_health[37b3fd5c-d072-4167-a44f-0e55416d5fa9] received
2026-02-09 06:21:08,971 - celery.worker.strategy - INFO - Task app.tasks.meeting_tasks.check_stuck_meetings[1bff54e1-97fb-4dc8-9970-05000e90103a] received
2026-02-09 06:25:58,835 - celery.worker.strategy - INFO - Task app.tasks.meeting_tasks.check_stuck_meetings[5202cf4b-d2ed-4d5a-ab5e-4a8b5bc1d9e5] received
2026-02-09 06:30:58,732 - celery.worker.strategy - INFO - Task app.tasks.meeting_tasks.check_and_finalize_completed_meetings[6bcb1a8f-70a3-422b-82a5-10c9ced3df3b] received
2026-02-09 06:30:58,740 - celery.worker.strategy - INFO - Task app.tasks.meeting_tasks.run_check_system_health[506801a3-6803-4878-81ad-bc38fea315b7] received
2026-02-09 06:31:08,905 - celery.worker.strategy - INFO - Task app.tasks.meeting_tasks.check_stuck_meetings[3d821b29-4afc-43d2-b80f-9505b3858d6e] received
2026-02-09 06:35:58,842 - celery.worker.strategy - INFO - Task app.tasks.meeting_tasks.check_stuck_meetings[600bfb41-2274-4df9-a54c-8c26c6147bc6] received
2026-02-09 06:40:58,738 - celery.worker.strategy - INFO - Task app.tasks.meeting_tasks.check_and_finalize_completed_meetings[74342cf5-60db-44af-8317-54e744146085] received
2026-02-09 06:40:58,746 - celery.worker.strategy - INFO - Task app.tasks.meeting_tasks.run_check_system_health[85feae92-942d-4843-bd8b-7ea4890ed264] received
2026-02-09 06:41:08,933 - celery.worker.strategy - INFO - Task app.tasks.meeting_tasks.check_stuck_meetings[08eeaa05-207c-413c-af28-d2bad7c011c8] received
2026-02-09 06:45:58,852 - celery.worker.strategy - INFO - Task app.tasks.meeting_tasks.check_stuck_meetings[a250e3fc-7c56-4c13-a009-a15e5935176d] received
2026-02-09 06:50:58,745 - celery.worker.strategy - INFO - Task app.tasks.meeting_tasks.check_and_finalize_completed_meetings[8cc43c1e-c9d5-4f63-8107-3a8a155126d2] received
2026-02-09 06:50:58,752 - celery.worker.strategy - INFO - Task app.tasks.meeting_tasks.run_check_system_health[3e9056b1-ee74-4f58-a7dd-42bbc4b0b82a] received
2026-02-09 06:51:08,972 - celery.worker.strategy - INFO - Task app.tasks.meeting_tasks.check_stuck_meetings[af233168-afee-4186-b2f2-bbc1aa60d513] received
2026-02-09 06:55:58,858 - celery.worker.strategy - INFO - Task app.tasks.meeting_tasks.check_stuck_meetings[0ec87823-031f-4a9a-8263-345f3b6fe739] received
2026-02-09 07:00:58,748 - celery.worker.strategy - INFO - Task app.tasks.meeting_tasks.check_and_finalize_completed_meetings[3ef49880-631d-436d-a20e-017dc99a8285] received
2026-02-09 07:00:58,755 - celery.worker.strategy - INFO - Task app.tasks.meeting_tasks.run_check_system_health[470da77d-72a3-4054-99e2-41b6d416af58] received
2026-02-09 07:01:08,984 - celery.worker.strategy - INFO - Task app.tasks.meeting_tasks.check_stuck_meetings[c49c5082-076d-478d-83c6-820b57229b1c] received
2026-02-09 07:05:58,864 - celery.worker.strategy - INFO - Task app.tasks.meeting_tasks.check_stuck_meetings[4378ee87-516e-4fec-917f-4d18e0db45cd] received
2026-02-09 07:10:58,753 - celery.worker.strategy - INFO - Task app.tasks.meeting_tasks.check_and_finalize_completed_meetings[47c4af66-7de3-4d6c-9f19-9c2b915deccb] received
2026-02-09 07:10:58,761 - celery.worker.strategy - INFO - Task app.tasks.meeting_tasks.run_check_system_health[84839334-5106-4264-9e40-39369031d4c3] received
2026-02-09 07:11:08,942 - celery.worker.strategy - INFO - Task app.tasks.meeting_tasks.check_stuck_meetings[6f65a12d-6376-48c1-a3b3-1ff6756df7f7] received
2026-02-09 07:15:58,872 - celery.worker.strategy - INFO - Task app.tasks.meeting_tasks.check_stuck_meetings[3586fd26-3724-499c-88a0-0ef32cf419b6] received
2026-02-09 07:20:58,760 - celery.worker.strategy - INFO - Task app.tasks.meeting_tasks.check_and_finalize_completed_meetings[90d7944d-73cf-4ee4-aa8b-61c4552e7275] received
2026-02-09 07:20:58,767 - celery.worker.strategy - INFO - Task app.tasks.meeting_tasks.run_check_system_health[4412d09d-3762-42fb-bb08-e53d66a512b1] received
2026-02-09 07:21:09,003 - celery.worker.strategy - INFO - Task app.tasks.meeting_tasks.check_stuck_meetings[366b5adb-5941-4d44-9726-23c568e8d96b] received
2026-02-09 07:25:58,876 - celery.worker.strategy - INFO - Task app.tasks.meeting_tasks.check_stuck_meetings[dae20b56-2b90-4de3-9484-d4a85b51688e] received
2026-02-09 07:30:58,763 - celery.worker.strategy - INFO - Task app.tasks.meeting_tasks.check_and_finalize_completed_meetings[c9baf5dd-65c7-4a61-81b0-8a11e57790f3] received
2026-02-09 07:30:58,771 - celery.worker.strategy - INFO - Task app.tasks.meeting_tasks.run_check_system_health[f6af46ab-4ab8-4e34-ab8f-e5e87559c491] received
2026-02-09 07:31:08,969 - celery.worker.strategy - INFO - Task app.tasks.meeting_tasks.check_stuck_meetings[503b8b4f-91aa-45ac-992f-f8d457e95f00] received
2026-02-09 07:35:58,878 - celery.worker.strategy - INFO - Task app.tasks.meeting_tasks.check_stuck_meetings[919d9399-8413-4037-a9e7-c395ec97f4b0] received
2026-02-09 07:40:58,768 - celery.worker.strategy - INFO - Task app.tasks.meeting_tasks.check_and_finalize_completed_meetings[66a163f0-e506-4fdb-b0e9-e2f8d293c1f6] received
2026-02-09 07:40:58,776 - celery.worker.strategy - INFO - Task app.tasks.meeting_tasks.run_check_system_health[63fed27a-34d1-4ea2-a4ef-cbd04084ceb1] received
2026-02-09 07:41:08,983 - celery.worker.strategy - INFO - Task app.tasks.meeting_tasks.check_stuck_meetings[44bdf033-239b-4678-a724-49eca5855ed5] received
2026-02-09 07:45:58,884 - celery.worker.strategy - INFO - Task app.tasks.meeting_tasks.check_stuck_meetings[5f9a448d-691e-4af2-83d1-e92534e62cbc] received
2026-02-09 07:50:58,777 - celery.worker.strategy - INFO - Task app.tasks.meeting_tasks.check_and_finalize_completed_meetings[a1d31257-0038-4a15-9312-dac0d90ab9b8] received
2026-02-09 07:50:58,785 - celery.worker.strategy - INFO - Task app.tasks.meeting_tasks.run_check_system_health[67b13abf-cdb5-4ae1-9f03-fc1a942029ca] received
2026-02-09 07:51:09,015 - celery.worker.strategy - INFO - Task app.tasks.meeting_tasks.check_stuck_meetings[2579a678-1be6-49c3-b429-6bc896aa2221] received
2026-02-09 07:55:58,895 - celery.worker.strategy - INFO - Task app.tasks.meeting_tasks.check_stuck_meetings[04c3b96e-a73c-4d87-9b7f-a33f28a570ba] received
2026-02-09 08:00:58,782 - celery.worker.strategy - INFO - Task app.tasks.meeting_tasks.check_and_finalize_completed_meetings[0399c71b-3e7b-4132-8de5-9700df27f5c9] received
2026-02-09 08:00:58,790 - celery.worker.strategy - INFO - Task app.tasks.meeting_tasks.run_check_system_health[bb73991d-9d88-403e-9033-d630634c6dfb] received
2026-02-09 08:01:08,954 - celery.worker.strategy - INFO - Task app.tasks.meeting_tasks.check_stuck_meetings[d3b127b8-7936-4ec3-a256-cfc6fa41bc44] received
2026-02-09 08:05:58,902 - celery.worker.strategy - INFO - Task app.tasks.meeting_tasks.check_stuck_meetings[4f6d6fa4-6bb2-453a-9d02-f4e2b0c9333b] received
2026-02-09 08:10:58,789 - celery.worker.strategy - INFO - Task app.tasks.meeting_tasks.check_and_finalize_completed_meetings[c0ce3f7d-fa4c-4647-8667-08a40fb673c4] received
2026-02-09 08:10:58,797 - celery.worker.strategy - INFO - Task app.tasks.meeting_tasks.run_check_system_health[8fd9f52a-e5c2-47c2-a6f6-10bd79a8c456] received
2026-02-09 08:11:08,992 - celery.worker.strategy - INFO - Task app.tasks.meeting_tasks.check_stuck_meetings[eb9f2aad-69d9-47bb-93ec-a04b622e1737] received
2026-02-09 08:15:58,908 - celery.worker.strategy - INFO - Task app.tasks.meeting_tasks.check_stuck_meetings[ebc84d50-a5fe-4e56-9ea6-4f89c0bb90fe] received
2026-02-09 08:20:58,796 - celery.worker.strategy - INFO - Task app.tasks.meeting_tasks.check_and_finalize_completed_meetings[aad19264-5314-45a3-bd6e-9b03a64c1f9b] received
2026-02-09 08:20:58,804 - celery.worker.strategy - INFO - Task app.tasks.meeting_tasks.run_check_system_health[e31b6ce7-dba0-4bed-8881-1a8ee85df5e8] received
2026-02-09 08:21:09,024 - celery.worker.strategy - INFO - Task app.tasks.meeting_tasks.check_stuck_meetings[a95f1664-8095-4fad-9d6a-1be8209840a6] received
2026-02-09 08:25:58,914 - celery.worker.strategy - INFO - Task app.tasks.meeting_tasks.check_stuck_meetings[f4b9fcc1-4f10-49e0-aa5d-41f5277e0ff5] received
2026-02-09 08:30:58,805 - celery.worker.strategy - INFO - Task app.tasks.meeting_tasks.check_and_finalize_completed_meetings[8c89eb69-3080-4476-9af7-c69c5773f790] received
2026-02-09 08:30:58,813 - celery.worker.strategy - INFO - Task app.tasks.meeting_tasks.run_check_system_health[0a199406-5c1e-4e3e-bd55-b6172590419e] received
2026-02-09 08:31:09,070 - celery.worker.strategy - INFO - Task app.tasks.meeting_tasks.check_stuck_meetings[363e915d-5abb-4991-82db-1458c468809f] received
2026-02-09 08:35:58,920 - celery.worker.strategy - INFO - Task app.tasks.meeting_tasks.check_stuck_meetings[f9e59354-aef5-42fb-ab18-3b8653922c42] received
2026-02-09 08:40:58,811 - celery.worker.strategy - INFO - Task app.tasks.meeting_tasks.check_and_finalize_completed_meetings[5383d833-c329-416e-8acc-f975befcf760] received
2026-02-09 08:40:58,819 - celery.worker.strategy - INFO - Task app.tasks.meeting_tasks.run_check_system_health[862e2fe6-a905-4ce1-ba94-18151cfeaa7f] received
2026-02-09 08:41:09,038 - celery.worker.strategy - INFO - Task app.tasks.meeting_tasks.check_stuck_meetings[44e3aae0-acb1-414e-972c-648f27fb9993] received
2026-02-09 08:45:58,929 - celery.worker.strategy - INFO - Task app.tasks.meeting_tasks.check_stuck_meetings[6a54e61f-1ce4-48f7-9eca-19f935211f75] received
2026-02-09 08:50:58,819 - celery.worker.strategy - INFO - Task app.tasks.meeting_tasks.check_and_finalize_completed_meetings[cb623361-28ce-45de-91ea-20d2a987784e] received
2026-02-09 08:50:58,827 - celery.worker.strategy - INFO - Task app.tasks.meeting_tasks.run_check_system_health[04a596c7-ed99-4944-8695-37f2a1c3b95a] received
2026-02-09 08:51:09,013 - celery.worker.strategy - INFO - Task app.tasks.meeting_tasks.check_stuck_meetings[7399c719-4609-4bc3-8cef-548ff8fc5b44] received
2026-02-09 08:55:58,935 - celery.worker.strategy - INFO - Task app.tasks.meeting_tasks.check_stuck_meetings[d70dd086-148b-4a58-a25b-7cac60432871] received
2026-02-09 09:00:58,825 - celery.worker.strategy - INFO - Task app.tasks.meeting_tasks.check_and_finalize_completed_meetings[d325f6b6-03b6-4886-bc90-8ac675273ba9] received
2026-02-09 09:00:58,833 - celery.worker.strategy - INFO - Task app.tasks.meeting_tasks.run_check_system_health[7760a92f-197a-4dc1-85ef-68543fec03a9] received
2026-02-09 09:01:09,057 - celery.worker.strategy - INFO - Task app.tasks.meeting_tasks.check_stuck_meetings[2bfc7898-a99c-410c-9bc6-d0dae6b99637] received
2026-02-09 09:05:58,943 - celery.worker.strategy - INFO - Task app.tasks.meeting_tasks.check_stuck_meetings[887ea5f9-51f4-456b-a02e-2e55e6c80b66] received
2026-02-09 09:10:58,831 - celery.worker.strategy - INFO - Task app.tasks.meeting_tasks.check_and_finalize_completed_meetings[77a30d63-38e1-41ae-9cad-ef83091a49ea] received
2026-02-09 09:10:58,838 - celery.worker.strategy - INFO - Task app.tasks.meeting_tasks.run_check_system_health[48953cca-6fbf-43c7-94c3-65ed4c2ceffa] received
2026-02-09 09:11:09,098 - celery.worker.strategy - INFO - Task app.tasks.meeting_tasks.check_stuck_meetings[6e28016c-fa72-43ed-bd96-c805da670107] received
2026-02-09 09:15:58,947 - celery.worker.strategy - INFO - Task app.tasks.meeting_tasks.check_stuck_meetings[ab069563-e8e5-4ef3-a5c0-2c3620340c8b] received
2026-02-09 09:20:58,837 - celery.worker.strategy - INFO - Task app.tasks.meeting_tasks.check_and_finalize_completed_meetings[8d1174cf-10bf-4479-87fb-73d805e63b96] received
2026-02-09 09:20:58,844 - celery.worker.strategy - INFO - Task app.tasks.meeting_tasks.run_check_system_health[b4be8033-26e7-4bc6-b5ae-1db5263bc978] received
2026-02-09 09:21:09,021 - celery.worker.strategy - INFO - Task app.tasks.meeting_tasks.check_stuck_meetings[28964a32-f0d0-4eaa-a6b4-6a41ea00d452] received
2026-02-09 09:25:58,952 - celery.worker.strategy - INFO - Task app.tasks.meeting_tasks.check_stuck_meetings[8e2c5ec7-4040-4424-b92d-8002416c45e2] received
2026-02-09 09:30:58,842 - celery.worker.strategy - INFO - Task app.tasks.meeting_tasks.check_and_finalize_completed_meetings[6c3cd380-146a-4ca4-9df5-31a248615676] received
2026-02-09 09:30:58,849 - celery.worker.strategy - INFO - Task app.tasks.meeting_tasks.run_check_system_health[dc9e3afd-9a01-47e6-977f-d66bf813fe8b] received
2026-02-09 09:31:09,040 - celery.worker.strategy - INFO - Task app.tasks.meeting_tasks.check_stuck_meetings[db69ddd4-5753-445a-8b18-70edc01c1482] received
2026-02-09 09:35:58,959 - celery.worker.strategy - INFO - Task app.tasks.meeting_tasks.check_stuck_meetings[ee20ba06-d396-4379-aa87-0388e764f713] received
2026-02-09 09:40:58,845 - celery.worker.strategy - INFO - Task app.tasks.meeting_tasks.check_and_finalize_completed_meetings[8c822ef2-db14-4bf0-aa35-459daeaaf348] received
2026-02-09 09:40:58,854 - celery.worker.strategy - INFO - Task app.tasks.meeting_tasks.run_check_system_health[37fc6133-04eb-4613-8ca7-645cfa8131bc] received
2026-02-09 09:41:09,043 - celery.worker.strategy - INFO - Task app.tasks.meeting_tasks.check_stuck_meetings[1b3af2c5-484e-46a9-9fd3-0d8ab96099b1] received
2026-02-09 09:45:58,964 - celery.worker.strategy - INFO - Task app.tasks.meeting_tasks.check_stuck_meetings[828c90e0-c878-45a4-9a05-6e88330a2ae8] received
2026-02-09 09:50:57,305 - celery.worker.strategy - INFO - Task app.tasks.meeting_tasks.join_bot_to_meeting[955ec797-c262-45d4-9303-e73b5a00349b] received
2026-02-09 09:50:57,324 - celery.worker.strategy - INFO - Task app.tasks.meeting_tasks.join_bot_to_meeting[be6ba898-17ff-4713-94d3-a750c1ee5dfd] received
2026-02-09 09:50:57,338 - celery.worker.strategy - INFO - Task app.tasks.meeting_tasks.join_bot_to_meeting[da2ba9d6-ddee-49e5-898b-ec4d93d4af94] received
2026-02-09 09:50:57,349 - celery.worker.strategy - INFO - Task app.tasks.meeting_tasks.join_bot_to_meeting[7f1792f6-17db-4d98-ac93-25a4e1ed6dfe] received
2026-02-09 09:50:57,363 - celery.worker.strategy - INFO - Task app.tasks.meeting_tasks.join_bot_to_meeting[a57bb93f-5734-4c7d-bd30-ac69d103d4be] received
2026-02-09 09:50:57,374 - celery.worker.strategy - INFO - Task app.tasks.meeting_tasks.join_bot_to_meeting[b2e88aee-6216-479a-9a70-6b6d0a798963] received
2026-02-09 09:50:57,380 - celery.worker.strategy - INFO - Task app.tasks.meeting_tasks.join_bot_to_meeting[c8cdc463-914a-4234-a732-b88f4cc969fd] received
2026-02-09 09:50:58,860 - celery.worker.strategy - INFO - Task app.tasks.meeting_tasks.check_and_finalize_completed_meetings[167f9225-afe3-4b8f-a486-15ce1815fe28] received
2026-02-09 09:50:58,867 - celery.worker.strategy - INFO - Task app.tasks.meeting_tasks.run_check_system_health[095f5be4-2b69-429a-b458-f7c1fa8f780a] received
2026-02-09 09:51:09,072 - celery.worker.strategy - INFO - Task app.tasks.meeting_tasks.check_stuck_meetings[b72bd0e4-8379-46e7-92bd-6c6aab7129d6] received
2026-02-09 09:55:58,977 - celery.worker.strategy - INFO - Task app.tasks.meeting_tasks.check_stuck_meetings[d152bccc-72d7-4db4-a4d0-3f175ce5c814] received
2026-02-09 10:00:58,864 - celery.worker.strategy - INFO - Task app.tasks.meeting_tasks.check_and_finalize_completed_meetings[bce5fe5b-ece0-4868-b31e-a3151bdb4481] received
2026-02-09 10:00:58,872 - celery.worker.strategy - INFO - Task app.tasks.meeting_tasks.run_check_system_health[6e2d8ce0-abf3-4ea1-8b0c-3b727b99777f] received
2026-02-09 10:01:09,107 - celery.worker.strategy - INFO - Task app.tasks.meeting_tasks.check_stuck_meetings[7ad69e05-3c09-44de-8e04-69d0d3b5fda6] received
2026-02-09 10:04:27,994 - celery.worker.strategy - INFO - Task app.tasks.summary_tasks.process_meeting_summary[74784976-04a3-45e5-979a-ec19c68865a3] received
2026-02-09 10:05:58,983 - celery.worker.strategy - INFO - Task app.tasks.meeting_tasks.check_stuck_meetings[bf1195eb-5247-4869-a918-c359ead58011] received
